Copyright 1986-2017 Xilinx, Inc. All Rights Reserved.
--------------------------------------------------------------------------------------------------------------------------------------------------------------------------------------
| Tool Version : Vivado v.2017.4 (win64) Build 2086221 Fri Dec 15 20:55:39 MST 2017
| Date         : Thu Dec 27 20:31:16 2018
| Host         : DESKTOP-T7CC4OF running 64-bit major release  (build 9200)
| Command      : report_methodology -file design_1_wrapper_methodology_drc_routed.rpt -pb design_1_wrapper_methodology_drc_routed.pb -rpx design_1_wrapper_methodology_drc_routed.rpx
| Design       : design_1_wrapper
| Device       : xc7z010clg400-1
| Speed File   : -1
| Design State : Routed
--------------------------------------------------------------------------------------------------------------------------------------------------------------------------------------

Report Methodology

Table of Contents
-----------------
1. REPORT SUMMARY
2. REPORT DETAILS

1. REPORT SUMMARY
-----------------
            Netlist: netlist
          Floorplan: design_1
      Design limits: <entire design considered>
             Max violations: <unlimited>
             Violations found: 313
+-----------+----------+-------------------------------+------------+
| Rule      | Severity | Description                   | Violations |
+-----------+----------+-------------------------------+------------+
| DPIR-1    | Warning  | Asynchronous driver check     | 32         |
| TIMING-17 | Warning  | Non-clocked sequential cell   | 241        |
| TIMING-18 | Warning  | Missing input or output delay | 6          |
| TIMING-20 | Warning  | Non-clocked latch             | 34         |
+-----------+----------+-------------------------------+------------+

2. REPORT DETAILS
-----------------
DPIR-1#1 Warning
Asynchronous driver check  
DSP design_1_i/top_0/inst/multiple_1/pit_dTerm0 input pin design_1_i/top_0/inst/multiple_1/pit_dTerm0/A[0] is connected to registers with an asynchronous reset. This is preventing the possibility of merging these registers in to the DSP Block since the DSP block registers only possess synchronous reset capability.  It is suggested to recode or change these registers to remove the reset or use a synchronous reset to get the best optimization for performance, power and area.
Related violations: <none>

DPIR-1#2 Warning
Asynchronous driver check  
DSP design_1_i/top_0/inst/multiple_1/pit_dTerm0 input pin design_1_i/top_0/inst/multiple_1/pit_dTerm0/A[10] is connected to registers with an asynchronous reset. This is preventing the possibility of merging these registers in to the DSP Block since the DSP block registers only possess synchronous reset capability.  It is suggested to recode or change these registers to remove the reset or use a synchronous reset to get the best optimization for performance, power and area.
Related violations: <none>

DPIR-1#3 Warning
Asynchronous driver check  
DSP design_1_i/top_0/inst/multiple_1/pit_dTerm0 input pin design_1_i/top_0/inst/multiple_1/pit_dTerm0/A[11] is connected to registers with an asynchronous reset. This is preventing the possibility of merging these registers in to the DSP Block since the DSP block registers only possess synchronous reset capability.  It is suggested to recode or change these registers to remove the reset or use a synchronous reset to get the best optimization for performance, power and area.
Related violations: <none>

DPIR-1#4 Warning
Asynchronous driver check  
DSP design_1_i/top_0/inst/multiple_1/pit_dTerm0 input pin design_1_i/top_0/inst/multiple_1/pit_dTerm0/A[12] is connected to registers with an asynchronous reset. This is preventing the possibility of merging these registers in to the DSP Block since the DSP block registers only possess synchronous reset capability.  It is suggested to recode or change these registers to remove the reset or use a synchronous reset to get the best optimization for performance, power and area.
Related violations: <none>

DPIR-1#5 Warning
Asynchronous driver check  
DSP design_1_i/top_0/inst/multiple_1/pit_dTerm0 input pin design_1_i/top_0/inst/multiple_1/pit_dTerm0/A[13] is connected to registers with an asynchronous reset. This is preventing the possibility of merging these registers in to the DSP Block since the DSP block registers only possess synchronous reset capability.  It is suggested to recode or change these registers to remove the reset or use a synchronous reset to get the best optimization for performance, power and area.
Related violations: <none>

DPIR-1#6 Warning
Asynchronous driver check  
DSP design_1_i/top_0/inst/multiple_1/pit_dTerm0 input pin design_1_i/top_0/inst/multiple_1/pit_dTerm0/A[14] is connected to registers with an asynchronous reset. This is preventing the possibility of merging these registers in to the DSP Block since the DSP block registers only possess synchronous reset capability.  It is suggested to recode or change these registers to remove the reset or use a synchronous reset to get the best optimization for performance, power and area.
Related violations: <none>

DPIR-1#7 Warning
Asynchronous driver check  
DSP design_1_i/top_0/inst/multiple_1/pit_dTerm0 input pin design_1_i/top_0/inst/multiple_1/pit_dTerm0/A[15] is connected to registers with an asynchronous reset. This is preventing the possibility of merging these registers in to the DSP Block since the DSP block registers only possess synchronous reset capability.  It is suggested to recode or change these registers to remove the reset or use a synchronous reset to get the best optimization for performance, power and area.
Related violations: <none>

DPIR-1#8 Warning
Asynchronous driver check  
DSP design_1_i/top_0/inst/multiple_1/pit_dTerm0 input pin design_1_i/top_0/inst/multiple_1/pit_dTerm0/A[1] is connected to registers with an asynchronous reset. This is preventing the possibility of merging these registers in to the DSP Block since the DSP block registers only possess synchronous reset capability.  It is suggested to recode or change these registers to remove the reset or use a synchronous reset to get the best optimization for performance, power and area.
Related violations: <none>

DPIR-1#9 Warning
Asynchronous driver check  
DSP design_1_i/top_0/inst/multiple_1/pit_dTerm0 input pin design_1_i/top_0/inst/multiple_1/pit_dTerm0/A[2] is connected to registers with an asynchronous reset. This is preventing the possibility of merging these registers in to the DSP Block since the DSP block registers only possess synchronous reset capability.  It is suggested to recode or change these registers to remove the reset or use a synchronous reset to get the best optimization for performance, power and area.
Related violations: <none>

DPIR-1#10 Warning
Asynchronous driver check  
DSP design_1_i/top_0/inst/multiple_1/pit_dTerm0 input pin design_1_i/top_0/inst/multiple_1/pit_dTerm0/A[3] is connected to registers with an asynchronous reset. This is preventing the possibility of merging these registers in to the DSP Block since the DSP block registers only possess synchronous reset capability.  It is suggested to recode or change these registers to remove the reset or use a synchronous reset to get the best optimization for performance, power and area.
Related violations: <none>

DPIR-1#11 Warning
Asynchronous driver check  
DSP design_1_i/top_0/inst/multiple_1/pit_dTerm0 input pin design_1_i/top_0/inst/multiple_1/pit_dTerm0/A[4] is connected to registers with an asynchronous reset. This is preventing the possibility of merging these registers in to the DSP Block since the DSP block registers only possess synchronous reset capability.  It is suggested to recode or change these registers to remove the reset or use a synchronous reset to get the best optimization for performance, power and area.
Related violations: <none>

DPIR-1#12 Warning
Asynchronous driver check  
DSP design_1_i/top_0/inst/multiple_1/pit_dTerm0 input pin design_1_i/top_0/inst/multiple_1/pit_dTerm0/A[5] is connected to registers with an asynchronous reset. This is preventing the possibility of merging these registers in to the DSP Block since the DSP block registers only possess synchronous reset capability.  It is suggested to recode or change these registers to remove the reset or use a synchronous reset to get the best optimization for performance, power and area.
Related violations: <none>

DPIR-1#13 Warning
Asynchronous driver check  
DSP design_1_i/top_0/inst/multiple_1/pit_dTerm0 input pin design_1_i/top_0/inst/multiple_1/pit_dTerm0/A[6] is connected to registers with an asynchronous reset. This is preventing the possibility of merging these registers in to the DSP Block since the DSP block registers only possess synchronous reset capability.  It is suggested to recode or change these registers to remove the reset or use a synchronous reset to get the best optimization for performance, power and area.
Related violations: <none>

DPIR-1#14 Warning
Asynchronous driver check  
DSP design_1_i/top_0/inst/multiple_1/pit_dTerm0 input pin design_1_i/top_0/inst/multiple_1/pit_dTerm0/A[7] is connected to registers with an asynchronous reset. This is preventing the possibility of merging these registers in to the DSP Block since the DSP block registers only possess synchronous reset capability.  It is suggested to recode or change these registers to remove the reset or use a synchronous reset to get the best optimization for performance, power and area.
Related violations: <none>

DPIR-1#15 Warning
Asynchronous driver check  
DSP design_1_i/top_0/inst/multiple_1/pit_dTerm0 input pin design_1_i/top_0/inst/multiple_1/pit_dTerm0/A[8] is connected to registers with an asynchronous reset. This is preventing the possibility of merging these registers in to the DSP Block since the DSP block registers only possess synchronous reset capability.  It is suggested to recode or change these registers to remove the reset or use a synchronous reset to get the best optimization for performance, power and area.
Related violations: <none>

DPIR-1#16 Warning
Asynchronous driver check  
DSP design_1_i/top_0/inst/multiple_1/pit_dTerm0 input pin design_1_i/top_0/inst/multiple_1/pit_dTerm0/A[9] is connected to registers with an asynchronous reset. This is preventing the possibility of merging these registers in to the DSP Block since the DSP block registers only possess synchronous reset capability.  It is suggested to recode or change these registers to remove the reset or use a synchronous reset to get the best optimization for performance, power and area.
Related violations: <none>

DPIR-1#17 Warning
Asynchronous driver check  
DSP design_1_i/top_0/inst/multiple_1/rol_dTerm0 input pin design_1_i/top_0/inst/multiple_1/rol_dTerm0/A[0] is connected to registers with an asynchronous reset. This is preventing the possibility of merging these registers in to the DSP Block since the DSP block registers only possess synchronous reset capability.  It is suggested to recode or change these registers to remove the reset or use a synchronous reset to get the best optimization for performance, power and area.
Related violations: <none>

DPIR-1#18 Warning
Asynchronous driver check  
DSP design_1_i/top_0/inst/multiple_1/rol_dTerm0 input pin design_1_i/top_0/inst/multiple_1/rol_dTerm0/A[10] is connected to registers with an asynchronous reset. This is preventing the possibility of merging these registers in to the DSP Block since the DSP block registers only possess synchronous reset capability.  It is suggested to recode or change these registers to remove the reset or use a synchronous reset to get the best optimization for performance, power and area.
Related violations: <none>

DPIR-1#19 Warning
Asynchronous driver check  
DSP design_1_i/top_0/inst/multiple_1/rol_dTerm0 input pin design_1_i/top_0/inst/multiple_1/rol_dTerm0/A[11] is connected to registers with an asynchronous reset. This is preventing the possibility of merging these registers in to the DSP Block since the DSP block registers only possess synchronous reset capability.  It is suggested to recode or change these registers to remove the reset or use a synchronous reset to get the best optimization for performance, power and area.
Related violations: <none>

DPIR-1#20 Warning
Asynchronous driver check  
DSP design_1_i/top_0/inst/multiple_1/rol_dTerm0 input pin design_1_i/top_0/inst/multiple_1/rol_dTerm0/A[12] is connected to registers with an asynchronous reset. This is preventing the possibility of merging these registers in to the DSP Block since the DSP block registers only possess synchronous reset capability.  It is suggested to recode or change these registers to remove the reset or use a synchronous reset to get the best optimization for performance, power and area.
Related violations: <none>

DPIR-1#21 Warning
Asynchronous driver check  
DSP design_1_i/top_0/inst/multiple_1/rol_dTerm0 input pin design_1_i/top_0/inst/multiple_1/rol_dTerm0/A[13] is connected to registers with an asynchronous reset. This is preventing the possibility of merging these registers in to the DSP Block since the DSP block registers only possess synchronous reset capability.  It is suggested to recode or change these registers to remove the reset or use a synchronous reset to get the best optimization for performance, power and area.
Related violations: <none>

DPIR-1#22 Warning
Asynchronous driver check  
DSP design_1_i/top_0/inst/multiple_1/rol_dTerm0 input pin design_1_i/top_0/inst/multiple_1/rol_dTerm0/A[14] is connected to registers with an asynchronous reset. This is preventing the possibility of merging these registers in to the DSP Block since the DSP block registers only possess synchronous reset capability.  It is suggested to recode or change these registers to remove the reset or use a synchronous reset to get the best optimization for performance, power and area.
Related violations: <none>

DPIR-1#23 Warning
Asynchronous driver check  
DSP design_1_i/top_0/inst/multiple_1/rol_dTerm0 input pin design_1_i/top_0/inst/multiple_1/rol_dTerm0/A[15] is connected to registers with an asynchronous reset. This is preventing the possibility of merging these registers in to the DSP Block since the DSP block registers only possess synchronous reset capability.  It is suggested to recode or change these registers to remove the reset or use a synchronous reset to get the best optimization for performance, power and area.
Related violations: <none>

DPIR-1#24 Warning
Asynchronous driver check  
DSP design_1_i/top_0/inst/multiple_1/rol_dTerm0 input pin design_1_i/top_0/inst/multiple_1/rol_dTerm0/A[1] is connected to registers with an asynchronous reset. This is preventing the possibility of merging these registers in to the DSP Block since the DSP block registers only possess synchronous reset capability.  It is suggested to recode or change these registers to remove the reset or use a synchronous reset to get the best optimization for performance, power and area.
Related violations: <none>

DPIR-1#25 Warning
Asynchronous driver check  
DSP design_1_i/top_0/inst/multiple_1/rol_dTerm0 input pin design_1_i/top_0/inst/multiple_1/rol_dTerm0/A[2] is connected to registers with an asynchronous reset. This is preventing the possibility of merging these registers in to the DSP Block since the DSP block registers only possess synchronous reset capability.  It is suggested to recode or change these registers to remove the reset or use a synchronous reset to get the best optimization for performance, power and area.
Related violations: <none>

DPIR-1#26 Warning
Asynchronous driver check  
DSP design_1_i/top_0/inst/multiple_1/rol_dTerm0 input pin design_1_i/top_0/inst/multiple_1/rol_dTerm0/A[3] is connected to registers with an asynchronous reset. This is preventing the possibility of merging these registers in to the DSP Block since the DSP block registers only possess synchronous reset capability.  It is suggested to recode or change these registers to remove the reset or use a synchronous reset to get the best optimization for performance, power and area.
Related violations: <none>

DPIR-1#27 Warning
Asynchronous driver check  
DSP design_1_i/top_0/inst/multiple_1/rol_dTerm0 input pin design_1_i/top_0/inst/multiple_1/rol_dTerm0/A[4] is connected to registers with an asynchronous reset. This is preventing the possibility of merging these registers in to the DSP Block since the DSP block registers only possess synchronous reset capability.  It is suggested to recode or change these registers to remove the reset or use a synchronous reset to get the best optimization for performance, power and area.
Related violations: <none>

DPIR-1#28 Warning
Asynchronous driver check  
DSP design_1_i/top_0/inst/multiple_1/rol_dTerm0 input pin design_1_i/top_0/inst/multiple_1/rol_dTerm0/A[5] is connected to registers with an asynchronous reset. This is preventing the possibility of merging these registers in to the DSP Block since the DSP block registers only possess synchronous reset capability.  It is suggested to recode or change these registers to remove the reset or use a synchronous reset to get the best optimization for performance, power and area.
Related violations: <none>

DPIR-1#29 Warning
Asynchronous driver check  
DSP design_1_i/top_0/inst/multiple_1/rol_dTerm0 input pin design_1_i/top_0/inst/multiple_1/rol_dTerm0/A[6] is connected to registers with an asynchronous reset. This is preventing the possibility of merging these registers in to the DSP Block since the DSP block registers only possess synchronous reset capability.  It is suggested to recode or change these registers to remove the reset or use a synchronous reset to get the best optimization for performance, power and area.
Related violations: <none>

DPIR-1#30 Warning
Asynchronous driver check  
DSP design_1_i/top_0/inst/multiple_1/rol_dTerm0 input pin design_1_i/top_0/inst/multiple_1/rol_dTerm0/A[7] is connected to registers with an asynchronous reset. This is preventing the possibility of merging these registers in to the DSP Block since the DSP block registers only possess synchronous reset capability.  It is suggested to recode or change these registers to remove the reset or use a synchronous reset to get the best optimization for performance, power and area.
Related violations: <none>

DPIR-1#31 Warning
Asynchronous driver check  
DSP design_1_i/top_0/inst/multiple_1/rol_dTerm0 input pin design_1_i/top_0/inst/multiple_1/rol_dTerm0/A[8] is connected to registers with an asynchronous reset. This is preventing the possibility of merging these registers in to the DSP Block since the DSP block registers only possess synchronous reset capability.  It is suggested to recode or change these registers to remove the reset or use a synchronous reset to get the best optimization for performance, power and area.
Related violations: <none>

DPIR-1#32 Warning
Asynchronous driver check  
DSP design_1_i/top_0/inst/multiple_1/rol_dTerm0 input pin design_1_i/top_0/inst/multiple_1/rol_dTerm0/A[9] is connected to registers with an asynchronous reset. This is preventing the possibility of merging these registers in to the DSP Block since the DSP block registers only possess synchronous reset capability.  It is suggested to recode or change these registers to remove the reset or use a synchronous reset to get the best optimization for performance, power and area.
Related violations: <none>

TIMING-17#1 Warning
Non-clocked sequential cell  
The clock pin design_1_i/top_0/inst/calculate2_1/rol_Error3_reg[0]/C is not reached by a timing clock
Related violations: <none>

TIMING-17#2 Warning
Non-clocked sequential cell  
The clock pin design_1_i/top_0/inst/calculate2_1/rol_Error3_reg[10]/C is not reached by a timing clock
Related violations: <none>

TIMING-17#3 Warning
Non-clocked sequential cell  
The clock pin design_1_i/top_0/inst/calculate2_1/rol_Error3_reg[11]/C is not reached by a timing clock
Related violations: <none>

TIMING-17#4 Warning
Non-clocked sequential cell  
The clock pin design_1_i/top_0/inst/calculate2_1/rol_Error3_reg[12]/C is not reached by a timing clock
Related violations: <none>

TIMING-17#5 Warning
Non-clocked sequential cell  
The clock pin design_1_i/top_0/inst/calculate2_1/rol_Error3_reg[13]/C is not reached by a timing clock
Related violations: <none>

TIMING-17#6 Warning
Non-clocked sequential cell  
The clock pin design_1_i/top_0/inst/calculate2_1/rol_Error3_reg[14]/C is not reached by a timing clock
Related violations: <none>

TIMING-17#7 Warning
Non-clocked sequential cell  
The clock pin design_1_i/top_0/inst/calculate2_1/rol_Error3_reg[16]/C is not reached by a timing clock
Related violations: <none>

TIMING-17#8 Warning
Non-clocked sequential cell  
The clock pin design_1_i/top_0/inst/calculate2_1/rol_Error3_reg[1]/C is not reached by a timing clock
Related violations: <none>

TIMING-17#9 Warning
Non-clocked sequential cell  
The clock pin design_1_i/top_0/inst/calculate2_1/rol_Error3_reg[2]/C is not reached by a timing clock
Related violations: <none>

TIMING-17#10 Warning
Non-clocked sequential cell  
The clock pin design_1_i/top_0/inst/calculate2_1/rol_Error3_reg[3]/C is not reached by a timing clock
Related violations: <none>

TIMING-17#11 Warning
Non-clocked sequential cell  
The clock pin design_1_i/top_0/inst/calculate2_1/rol_Error3_reg[4]/C is not reached by a timing clock
Related violations: <none>

TIMING-17#12 Warning
Non-clocked sequential cell  
The clock pin design_1_i/top_0/inst/calculate2_1/rol_Error3_reg[5]/C is not reached by a timing clock
Related violations: <none>

TIMING-17#13 Warning
Non-clocked sequential cell  
The clock pin design_1_i/top_0/inst/calculate2_1/rol_Error3_reg[6]/C is not reached by a timing clock
Related violations: <none>

TIMING-17#14 Warning
Non-clocked sequential cell  
The clock pin design_1_i/top_0/inst/calculate2_1/rol_Error3_reg[7]/C is not reached by a timing clock
Related violations: <none>

TIMING-17#15 Warning
Non-clocked sequential cell  
The clock pin design_1_i/top_0/inst/calculate2_1/rol_Error3_reg[8]/C is not reached by a timing clock
Related violations: <none>

TIMING-17#16 Warning
Non-clocked sequential cell  
The clock pin design_1_i/top_0/inst/calculate2_1/rol_Error3_reg[9]/C is not reached by a timing clock
Related violations: <none>

TIMING-17#17 Warning
Non-clocked sequential cell  
The clock pin design_1_i/top_0/inst/calculate2_1/rol_dError_reg[0]/C is not reached by a timing clock
Related violations: <none>

TIMING-17#18 Warning
Non-clocked sequential cell  
The clock pin design_1_i/top_0/inst/calculate2_1/rol_dError_reg[10]/C is not reached by a timing clock
Related violations: <none>

TIMING-17#19 Warning
Non-clocked sequential cell  
The clock pin design_1_i/top_0/inst/calculate2_1/rol_dError_reg[11]/C is not reached by a timing clock
Related violations: <none>

TIMING-17#20 Warning
Non-clocked sequential cell  
The clock pin design_1_i/top_0/inst/calculate2_1/rol_dError_reg[12]/C is not reached by a timing clock
Related violations: <none>

TIMING-17#21 Warning
Non-clocked sequential cell  
The clock pin design_1_i/top_0/inst/calculate2_1/rol_dError_reg[13]/C is not reached by a timing clock
Related violations: <none>

TIMING-17#22 Warning
Non-clocked sequential cell  
The clock pin design_1_i/top_0/inst/calculate2_1/rol_dError_reg[14]/C is not reached by a timing clock
Related violations: <none>

TIMING-17#23 Warning
Non-clocked sequential cell  
The clock pin design_1_i/top_0/inst/calculate2_1/rol_dError_reg[15]/C is not reached by a timing clock
Related violations: <none>

TIMING-17#24 Warning
Non-clocked sequential cell  
The clock pin design_1_i/top_0/inst/calculate2_1/rol_dError_reg[16]/C is not reached by a timing clock
Related violations: <none>

TIMING-17#25 Warning
Non-clocked sequential cell  
The clock pin design_1_i/top_0/inst/calculate2_1/rol_dError_reg[1]/C is not reached by a timing clock
Related violations: <none>

TIMING-17#26 Warning
Non-clocked sequential cell  
The clock pin design_1_i/top_0/inst/calculate2_1/rol_dError_reg[2]/C is not reached by a timing clock
Related violations: <none>

TIMING-17#27 Warning
Non-clocked sequential cell  
The clock pin design_1_i/top_0/inst/calculate2_1/rol_dError_reg[3]/C is not reached by a timing clock
Related violations: <none>

TIMING-17#28 Warning
Non-clocked sequential cell  
The clock pin design_1_i/top_0/inst/calculate2_1/rol_dError_reg[4]/C is not reached by a timing clock
Related violations: <none>

TIMING-17#29 Warning
Non-clocked sequential cell  
The clock pin design_1_i/top_0/inst/calculate2_1/rol_dError_reg[5]/C is not reached by a timing clock
Related violations: <none>

TIMING-17#30 Warning
Non-clocked sequential cell  
The clock pin design_1_i/top_0/inst/calculate2_1/rol_dError_reg[6]/C is not reached by a timing clock
Related violations: <none>

TIMING-17#31 Warning
Non-clocked sequential cell  
The clock pin design_1_i/top_0/inst/calculate2_1/rol_dError_reg[7]/C is not reached by a timing clock
Related violations: <none>

TIMING-17#32 Warning
Non-clocked sequential cell  
The clock pin design_1_i/top_0/inst/calculate2_1/rol_dError_reg[8]/C is not reached by a timing clock
Related violations: <none>

TIMING-17#33 Warning
Non-clocked sequential cell  
The clock pin design_1_i/top_0/inst/calculate2_1/rol_dError_reg[9]/C is not reached by a timing clock
Related violations: <none>

TIMING-17#34 Warning
Non-clocked sequential cell  
The clock pin design_1_i/top_0/inst/calculate2_1/rol_lasterror_reg[0]/C is not reached by a timing clock
Related violations: <none>

TIMING-17#35 Warning
Non-clocked sequential cell  
The clock pin design_1_i/top_0/inst/calculate2_1/rol_lasterror_reg[10]/C is not reached by a timing clock
Related violations: <none>

TIMING-17#36 Warning
Non-clocked sequential cell  
The clock pin design_1_i/top_0/inst/calculate2_1/rol_lasterror_reg[11]/C is not reached by a timing clock
Related violations: <none>

TIMING-17#37 Warning
Non-clocked sequential cell  
The clock pin design_1_i/top_0/inst/calculate2_1/rol_lasterror_reg[12]/C is not reached by a timing clock
Related violations: <none>

TIMING-17#38 Warning
Non-clocked sequential cell  
The clock pin design_1_i/top_0/inst/calculate2_1/rol_lasterror_reg[13]/C is not reached by a timing clock
Related violations: <none>

TIMING-17#39 Warning
Non-clocked sequential cell  
The clock pin design_1_i/top_0/inst/calculate2_1/rol_lasterror_reg[14]/C is not reached by a timing clock
Related violations: <none>

TIMING-17#40 Warning
Non-clocked sequential cell  
The clock pin design_1_i/top_0/inst/calculate2_1/rol_lasterror_reg[15]/C is not reached by a timing clock
Related violations: <none>

TIMING-17#41 Warning
Non-clocked sequential cell  
The clock pin design_1_i/top_0/inst/calculate2_1/rol_lasterror_reg[16]/C is not reached by a timing clock
Related violations: <none>

TIMING-17#42 Warning
Non-clocked sequential cell  
The clock pin design_1_i/top_0/inst/calculate2_1/rol_lasterror_reg[1]/C is not reached by a timing clock
Related violations: <none>

TIMING-17#43 Warning
Non-clocked sequential cell  
The clock pin design_1_i/top_0/inst/calculate2_1/rol_lasterror_reg[2]/C is not reached by a timing clock
Related violations: <none>

TIMING-17#44 Warning
Non-clocked sequential cell  
The clock pin design_1_i/top_0/inst/calculate2_1/rol_lasterror_reg[3]/C is not reached by a timing clock
Related violations: <none>

TIMING-17#45 Warning
Non-clocked sequential cell  
The clock pin design_1_i/top_0/inst/calculate2_1/rol_lasterror_reg[4]/C is not reached by a timing clock
Related violations: <none>

TIMING-17#46 Warning
Non-clocked sequential cell  
The clock pin design_1_i/top_0/inst/calculate2_1/rol_lasterror_reg[5]/C is not reached by a timing clock
Related violations: <none>

TIMING-17#47 Warning
Non-clocked sequential cell  
The clock pin design_1_i/top_0/inst/calculate2_1/rol_lasterror_reg[6]/C is not reached by a timing clock
Related violations: <none>

TIMING-17#48 Warning
Non-clocked sequential cell  
The clock pin design_1_i/top_0/inst/calculate2_1/rol_lasterror_reg[7]/C is not reached by a timing clock
Related violations: <none>

TIMING-17#49 Warning
Non-clocked sequential cell  
The clock pin design_1_i/top_0/inst/calculate2_1/rol_lasterror_reg[8]/C is not reached by a timing clock
Related violations: <none>

TIMING-17#50 Warning
Non-clocked sequential cell  
The clock pin design_1_i/top_0/inst/calculate2_1/rol_lasterror_reg[9]/C is not reached by a timing clock
Related violations: <none>

TIMING-17#51 Warning
Non-clocked sequential cell  
The clock pin design_1_i/top_0/inst/calculate2_2/pit_Error3_reg[0]/C is not reached by a timing clock
Related violations: <none>

TIMING-17#52 Warning
Non-clocked sequential cell  
The clock pin design_1_i/top_0/inst/calculate2_2/pit_Error3_reg[10]/C is not reached by a timing clock
Related violations: <none>

TIMING-17#53 Warning
Non-clocked sequential cell  
The clock pin design_1_i/top_0/inst/calculate2_2/pit_Error3_reg[11]/C is not reached by a timing clock
Related violations: <none>

TIMING-17#54 Warning
Non-clocked sequential cell  
The clock pin design_1_i/top_0/inst/calculate2_2/pit_Error3_reg[12]/C is not reached by a timing clock
Related violations: <none>

TIMING-17#55 Warning
Non-clocked sequential cell  
The clock pin design_1_i/top_0/inst/calculate2_2/pit_Error3_reg[13]/C is not reached by a timing clock
Related violations: <none>

TIMING-17#56 Warning
Non-clocked sequential cell  
The clock pin design_1_i/top_0/inst/calculate2_2/pit_Error3_reg[14]/C is not reached by a timing clock
Related violations: <none>

TIMING-17#57 Warning
Non-clocked sequential cell  
The clock pin design_1_i/top_0/inst/calculate2_2/pit_Error3_reg[16]/C is not reached by a timing clock
Related violations: <none>

TIMING-17#58 Warning
Non-clocked sequential cell  
The clock pin design_1_i/top_0/inst/calculate2_2/pit_Error3_reg[1]/C is not reached by a timing clock
Related violations: <none>

TIMING-17#59 Warning
Non-clocked sequential cell  
The clock pin design_1_i/top_0/inst/calculate2_2/pit_Error3_reg[2]/C is not reached by a timing clock
Related violations: <none>

TIMING-17#60 Warning
Non-clocked sequential cell  
The clock pin design_1_i/top_0/inst/calculate2_2/pit_Error3_reg[3]/C is not reached by a timing clock
Related violations: <none>

TIMING-17#61 Warning
Non-clocked sequential cell  
The clock pin design_1_i/top_0/inst/calculate2_2/pit_Error3_reg[4]/C is not reached by a timing clock
Related violations: <none>

TIMING-17#62 Warning
Non-clocked sequential cell  
The clock pin design_1_i/top_0/inst/calculate2_2/pit_Error3_reg[5]/C is not reached by a timing clock
Related violations: <none>

TIMING-17#63 Warning
Non-clocked sequential cell  
The clock pin design_1_i/top_0/inst/calculate2_2/pit_Error3_reg[6]/C is not reached by a timing clock
Related violations: <none>

TIMING-17#64 Warning
Non-clocked sequential cell  
The clock pin design_1_i/top_0/inst/calculate2_2/pit_Error3_reg[7]/C is not reached by a timing clock
Related violations: <none>

TIMING-17#65 Warning
Non-clocked sequential cell  
The clock pin design_1_i/top_0/inst/calculate2_2/pit_Error3_reg[8]/C is not reached by a timing clock
Related violations: <none>

TIMING-17#66 Warning
Non-clocked sequential cell  
The clock pin design_1_i/top_0/inst/calculate2_2/pit_Error3_reg[9]/C is not reached by a timing clock
Related violations: <none>

TIMING-17#67 Warning
Non-clocked sequential cell  
The clock pin design_1_i/top_0/inst/calculate2_2/pit_dError_reg[0]/C is not reached by a timing clock
Related violations: <none>

TIMING-17#68 Warning
Non-clocked sequential cell  
The clock pin design_1_i/top_0/inst/calculate2_2/pit_dError_reg[10]/C is not reached by a timing clock
Related violations: <none>

TIMING-17#69 Warning
Non-clocked sequential cell  
The clock pin design_1_i/top_0/inst/calculate2_2/pit_dError_reg[11]/C is not reached by a timing clock
Related violations: <none>

TIMING-17#70 Warning
Non-clocked sequential cell  
The clock pin design_1_i/top_0/inst/calculate2_2/pit_dError_reg[12]/C is not reached by a timing clock
Related violations: <none>

TIMING-17#71 Warning
Non-clocked sequential cell  
The clock pin design_1_i/top_0/inst/calculate2_2/pit_dError_reg[13]/C is not reached by a timing clock
Related violations: <none>

TIMING-17#72 Warning
Non-clocked sequential cell  
The clock pin design_1_i/top_0/inst/calculate2_2/pit_dError_reg[14]/C is not reached by a timing clock
Related violations: <none>

TIMING-17#73 Warning
Non-clocked sequential cell  
The clock pin design_1_i/top_0/inst/calculate2_2/pit_dError_reg[15]/C is not reached by a timing clock
Related violations: <none>

TIMING-17#74 Warning
Non-clocked sequential cell  
The clock pin design_1_i/top_0/inst/calculate2_2/pit_dError_reg[16]/C is not reached by a timing clock
Related violations: <none>

TIMING-17#75 Warning
Non-clocked sequential cell  
The clock pin design_1_i/top_0/inst/calculate2_2/pit_dError_reg[1]/C is not reached by a timing clock
Related violations: <none>

TIMING-17#76 Warning
Non-clocked sequential cell  
The clock pin design_1_i/top_0/inst/calculate2_2/pit_dError_reg[2]/C is not reached by a timing clock
Related violations: <none>

TIMING-17#77 Warning
Non-clocked sequential cell  
The clock pin design_1_i/top_0/inst/calculate2_2/pit_dError_reg[3]/C is not reached by a timing clock
Related violations: <none>

TIMING-17#78 Warning
Non-clocked sequential cell  
The clock pin design_1_i/top_0/inst/calculate2_2/pit_dError_reg[4]/C is not reached by a timing clock
Related violations: <none>

TIMING-17#79 Warning
Non-clocked sequential cell  
The clock pin design_1_i/top_0/inst/calculate2_2/pit_dError_reg[5]/C is not reached by a timing clock
Related violations: <none>

TIMING-17#80 Warning
Non-clocked sequential cell  
The clock pin design_1_i/top_0/inst/calculate2_2/pit_dError_reg[6]/C is not reached by a timing clock
Related violations: <none>

TIMING-17#81 Warning
Non-clocked sequential cell  
The clock pin design_1_i/top_0/inst/calculate2_2/pit_dError_reg[7]/C is not reached by a timing clock
Related violations: <none>

TIMING-17#82 Warning
Non-clocked sequential cell  
The clock pin design_1_i/top_0/inst/calculate2_2/pit_dError_reg[8]/C is not reached by a timing clock
Related violations: <none>

TIMING-17#83 Warning
Non-clocked sequential cell  
The clock pin design_1_i/top_0/inst/calculate2_2/pit_dError_reg[9]/C is not reached by a timing clock
Related violations: <none>

TIMING-17#84 Warning
Non-clocked sequential cell  
The clock pin design_1_i/top_0/inst/calculate2_2/pit_lasterror_reg[0]/C is not reached by a timing clock
Related violations: <none>

TIMING-17#85 Warning
Non-clocked sequential cell  
The clock pin design_1_i/top_0/inst/calculate2_2/pit_lasterror_reg[10]/C is not reached by a timing clock
Related violations: <none>

TIMING-17#86 Warning
Non-clocked sequential cell  
The clock pin design_1_i/top_0/inst/calculate2_2/pit_lasterror_reg[11]/C is not reached by a timing clock
Related violations: <none>

TIMING-17#87 Warning
Non-clocked sequential cell  
The clock pin design_1_i/top_0/inst/calculate2_2/pit_lasterror_reg[12]/C is not reached by a timing clock
Related violations: <none>

TIMING-17#88 Warning
Non-clocked sequential cell  
The clock pin design_1_i/top_0/inst/calculate2_2/pit_lasterror_reg[13]/C is not reached by a timing clock
Related violations: <none>

TIMING-17#89 Warning
Non-clocked sequential cell  
The clock pin design_1_i/top_0/inst/calculate2_2/pit_lasterror_reg[14]/C is not reached by a timing clock
Related violations: <none>

TIMING-17#90 Warning
Non-clocked sequential cell  
The clock pin design_1_i/top_0/inst/calculate2_2/pit_lasterror_reg[15]/C is not reached by a timing clock
Related violations: <none>

TIMING-17#91 Warning
Non-clocked sequential cell  
The clock pin design_1_i/top_0/inst/calculate2_2/pit_lasterror_reg[16]/C is not reached by a timing clock
Related violations: <none>

TIMING-17#92 Warning
Non-clocked sequential cell  
The clock pin design_1_i/top_0/inst/calculate2_2/pit_lasterror_reg[1]/C is not reached by a timing clock
Related violations: <none>

TIMING-17#93 Warning
Non-clocked sequential cell  
The clock pin design_1_i/top_0/inst/calculate2_2/pit_lasterror_reg[2]/C is not reached by a timing clock
Related violations: <none>

TIMING-17#94 Warning
Non-clocked sequential cell  
The clock pin design_1_i/top_0/inst/calculate2_2/pit_lasterror_reg[3]/C is not reached by a timing clock
Related violations: <none>

TIMING-17#95 Warning
Non-clocked sequential cell  
The clock pin design_1_i/top_0/inst/calculate2_2/pit_lasterror_reg[4]/C is not reached by a timing clock
Related violations: <none>

TIMING-17#96 Warning
Non-clocked sequential cell  
The clock pin design_1_i/top_0/inst/calculate2_2/pit_lasterror_reg[5]/C is not reached by a timing clock
Related violations: <none>

TIMING-17#97 Warning
Non-clocked sequential cell  
The clock pin design_1_i/top_0/inst/calculate2_2/pit_lasterror_reg[6]/C is not reached by a timing clock
Related violations: <none>

TIMING-17#98 Warning
Non-clocked sequential cell  
The clock pin design_1_i/top_0/inst/calculate2_2/pit_lasterror_reg[7]/C is not reached by a timing clock
Related violations: <none>

TIMING-17#99 Warning
Non-clocked sequential cell  
The clock pin design_1_i/top_0/inst/calculate2_2/pit_lasterror_reg[8]/C is not reached by a timing clock
Related violations: <none>

TIMING-17#100 Warning
Non-clocked sequential cell  
The clock pin design_1_i/top_0/inst/calculate2_2/pit_lasterror_reg[9]/C is not reached by a timing clock
Related violations: <none>

TIMING-17#101 Warning
Non-clocked sequential cell  
The clock pin design_1_i/top_0/inst/calculate_error_1/pit_Error_reg[0]/C is not reached by a timing clock
Related violations: <none>

TIMING-17#102 Warning
Non-clocked sequential cell  
The clock pin design_1_i/top_0/inst/calculate_error_1/pit_Error_reg[10]/C is not reached by a timing clock
Related violations: <none>

TIMING-17#103 Warning
Non-clocked sequential cell  
The clock pin design_1_i/top_0/inst/calculate_error_1/pit_Error_reg[11]/C is not reached by a timing clock
Related violations: <none>

TIMING-17#104 Warning
Non-clocked sequential cell  
The clock pin design_1_i/top_0/inst/calculate_error_1/pit_Error_reg[12]/C is not reached by a timing clock
Related violations: <none>

TIMING-17#105 Warning
Non-clocked sequential cell  
The clock pin design_1_i/top_0/inst/calculate_error_1/pit_Error_reg[13]/C is not reached by a timing clock
Related violations: <none>

TIMING-17#106 Warning
Non-clocked sequential cell  
The clock pin design_1_i/top_0/inst/calculate_error_1/pit_Error_reg[14]/C is not reached by a timing clock
Related violations: <none>

TIMING-17#107 Warning
Non-clocked sequential cell  
The clock pin design_1_i/top_0/inst/calculate_error_1/pit_Error_reg[15]/C is not reached by a timing clock
Related violations: <none>

TIMING-17#108 Warning
Non-clocked sequential cell  
The clock pin design_1_i/top_0/inst/calculate_error_1/pit_Error_reg[16]/C is not reached by a timing clock
Related violations: <none>

TIMING-17#109 Warning
Non-clocked sequential cell  
The clock pin design_1_i/top_0/inst/calculate_error_1/pit_Error_reg[1]/C is not reached by a timing clock
Related violations: <none>

TIMING-17#110 Warning
Non-clocked sequential cell  
The clock pin design_1_i/top_0/inst/calculate_error_1/pit_Error_reg[2]/C is not reached by a timing clock
Related violations: <none>

TIMING-17#111 Warning
Non-clocked sequential cell  
The clock pin design_1_i/top_0/inst/calculate_error_1/pit_Error_reg[3]/C is not reached by a timing clock
Related violations: <none>

TIMING-17#112 Warning
Non-clocked sequential cell  
The clock pin design_1_i/top_0/inst/calculate_error_1/pit_Error_reg[4]/C is not reached by a timing clock
Related violations: <none>

TIMING-17#113 Warning
Non-clocked sequential cell  
The clock pin design_1_i/top_0/inst/calculate_error_1/pit_Error_reg[5]/C is not reached by a timing clock
Related violations: <none>

TIMING-17#114 Warning
Non-clocked sequential cell  
The clock pin design_1_i/top_0/inst/calculate_error_1/pit_Error_reg[6]/C is not reached by a timing clock
Related violations: <none>

TIMING-17#115 Warning
Non-clocked sequential cell  
The clock pin design_1_i/top_0/inst/calculate_error_1/pit_Error_reg[7]/C is not reached by a timing clock
Related violations: <none>

TIMING-17#116 Warning
Non-clocked sequential cell  
The clock pin design_1_i/top_0/inst/calculate_error_1/pit_Error_reg[8]/C is not reached by a timing clock
Related violations: <none>

TIMING-17#117 Warning
Non-clocked sequential cell  
The clock pin design_1_i/top_0/inst/calculate_error_1/pit_Error_reg[9]/C is not reached by a timing clock
Related violations: <none>

TIMING-17#118 Warning
Non-clocked sequential cell  
The clock pin design_1_i/top_0/inst/calculate_error_1/rol_Error_reg[0]/C is not reached by a timing clock
Related violations: <none>

TIMING-17#119 Warning
Non-clocked sequential cell  
The clock pin design_1_i/top_0/inst/calculate_error_1/rol_Error_reg[10]/C is not reached by a timing clock
Related violations: <none>

TIMING-17#120 Warning
Non-clocked sequential cell  
The clock pin design_1_i/top_0/inst/calculate_error_1/rol_Error_reg[11]/C is not reached by a timing clock
Related violations: <none>

TIMING-17#121 Warning
Non-clocked sequential cell  
The clock pin design_1_i/top_0/inst/calculate_error_1/rol_Error_reg[12]/C is not reached by a timing clock
Related violations: <none>

TIMING-17#122 Warning
Non-clocked sequential cell  
The clock pin design_1_i/top_0/inst/calculate_error_1/rol_Error_reg[13]/C is not reached by a timing clock
Related violations: <none>

TIMING-17#123 Warning
Non-clocked sequential cell  
The clock pin design_1_i/top_0/inst/calculate_error_1/rol_Error_reg[14]/C is not reached by a timing clock
Related violations: <none>

TIMING-17#124 Warning
Non-clocked sequential cell  
The clock pin design_1_i/top_0/inst/calculate_error_1/rol_Error_reg[15]/C is not reached by a timing clock
Related violations: <none>

TIMING-17#125 Warning
Non-clocked sequential cell  
The clock pin design_1_i/top_0/inst/calculate_error_1/rol_Error_reg[16]/C is not reached by a timing clock
Related violations: <none>

TIMING-17#126 Warning
Non-clocked sequential cell  
The clock pin design_1_i/top_0/inst/calculate_error_1/rol_Error_reg[1]/C is not reached by a timing clock
Related violations: <none>

TIMING-17#127 Warning
Non-clocked sequential cell  
The clock pin design_1_i/top_0/inst/calculate_error_1/rol_Error_reg[2]/C is not reached by a timing clock
Related violations: <none>

TIMING-17#128 Warning
Non-clocked sequential cell  
The clock pin design_1_i/top_0/inst/calculate_error_1/rol_Error_reg[3]/C is not reached by a timing clock
Related violations: <none>

TIMING-17#129 Warning
Non-clocked sequential cell  
The clock pin design_1_i/top_0/inst/calculate_error_1/rol_Error_reg[4]/C is not reached by a timing clock
Related violations: <none>

TIMING-17#130 Warning
Non-clocked sequential cell  
The clock pin design_1_i/top_0/inst/calculate_error_1/rol_Error_reg[5]/C is not reached by a timing clock
Related violations: <none>

TIMING-17#131 Warning
Non-clocked sequential cell  
The clock pin design_1_i/top_0/inst/calculate_error_1/rol_Error_reg[6]/C is not reached by a timing clock
Related violations: <none>

TIMING-17#132 Warning
Non-clocked sequential cell  
The clock pin design_1_i/top_0/inst/calculate_error_1/rol_Error_reg[7]/C is not reached by a timing clock
Related violations: <none>

TIMING-17#133 Warning
Non-clocked sequential cell  
The clock pin design_1_i/top_0/inst/calculate_error_1/rol_Error_reg[8]/C is not reached by a timing clock
Related violations: <none>

TIMING-17#134 Warning
Non-clocked sequential cell  
The clock pin design_1_i/top_0/inst/calculate_error_1/rol_Error_reg[9]/C is not reached by a timing clock
Related violations: <none>

TIMING-17#135 Warning
Non-clocked sequential cell  
The clock pin design_1_i/top_0/inst/error_register_1/cout1_reg/C is not reached by a timing clock
Related violations: <none>

TIMING-17#136 Warning
Non-clocked sequential cell  
The clock pin design_1_i/top_0/inst/error_register_1/cout2_reg/C is not reached by a timing clock
Related violations: <none>

TIMING-17#137 Warning
Non-clocked sequential cell  
The clock pin design_1_i/top_0/inst/error_register_1/pit_Error2_reg[0]/C is not reached by a timing clock
Related violations: <none>

TIMING-17#138 Warning
Non-clocked sequential cell  
The clock pin design_1_i/top_0/inst/error_register_1/pit_Error2_reg[10]/C is not reached by a timing clock
Related violations: <none>

TIMING-17#139 Warning
Non-clocked sequential cell  
The clock pin design_1_i/top_0/inst/error_register_1/pit_Error2_reg[11]/C is not reached by a timing clock
Related violations: <none>

TIMING-17#140 Warning
Non-clocked sequential cell  
The clock pin design_1_i/top_0/inst/error_register_1/pit_Error2_reg[12]/C is not reached by a timing clock
Related violations: <none>

TIMING-17#141 Warning
Non-clocked sequential cell  
The clock pin design_1_i/top_0/inst/error_register_1/pit_Error2_reg[13]/C is not reached by a timing clock
Related violations: <none>

TIMING-17#142 Warning
Non-clocked sequential cell  
The clock pin design_1_i/top_0/inst/error_register_1/pit_Error2_reg[14]/C is not reached by a timing clock
Related violations: <none>

TIMING-17#143 Warning
Non-clocked sequential cell  
The clock pin design_1_i/top_0/inst/error_register_1/pit_Error2_reg[15]/C is not reached by a timing clock
Related violations: <none>

TIMING-17#144 Warning
Non-clocked sequential cell  
The clock pin design_1_i/top_0/inst/error_register_1/pit_Error2_reg[16]/C is not reached by a timing clock
Related violations: <none>

TIMING-17#145 Warning
Non-clocked sequential cell  
The clock pin design_1_i/top_0/inst/error_register_1/pit_Error2_reg[1]/C is not reached by a timing clock
Related violations: <none>

TIMING-17#146 Warning
Non-clocked sequential cell  
The clock pin design_1_i/top_0/inst/error_register_1/pit_Error2_reg[2]/C is not reached by a timing clock
Related violations: <none>

TIMING-17#147 Warning
Non-clocked sequential cell  
The clock pin design_1_i/top_0/inst/error_register_1/pit_Error2_reg[3]/C is not reached by a timing clock
Related violations: <none>

TIMING-17#148 Warning
Non-clocked sequential cell  
The clock pin design_1_i/top_0/inst/error_register_1/pit_Error2_reg[4]/C is not reached by a timing clock
Related violations: <none>

TIMING-17#149 Warning
Non-clocked sequential cell  
The clock pin design_1_i/top_0/inst/error_register_1/pit_Error2_reg[5]/C is not reached by a timing clock
Related violations: <none>

TIMING-17#150 Warning
Non-clocked sequential cell  
The clock pin design_1_i/top_0/inst/error_register_1/pit_Error2_reg[6]/C is not reached by a timing clock
Related violations: <none>

TIMING-17#151 Warning
Non-clocked sequential cell  
The clock pin design_1_i/top_0/inst/error_register_1/pit_Error2_reg[7]/C is not reached by a timing clock
Related violations: <none>

TIMING-17#152 Warning
Non-clocked sequential cell  
The clock pin design_1_i/top_0/inst/error_register_1/pit_Error2_reg[8]/C is not reached by a timing clock
Related violations: <none>

TIMING-17#153 Warning
Non-clocked sequential cell  
The clock pin design_1_i/top_0/inst/error_register_1/pit_Error2_reg[9]/C is not reached by a timing clock
Related violations: <none>

TIMING-17#154 Warning
Non-clocked sequential cell  
The clock pin design_1_i/top_0/inst/error_register_1/rol_Error2_reg[0]/C is not reached by a timing clock
Related violations: <none>

TIMING-17#155 Warning
Non-clocked sequential cell  
The clock pin design_1_i/top_0/inst/error_register_1/rol_Error2_reg[10]/C is not reached by a timing clock
Related violations: <none>

TIMING-17#156 Warning
Non-clocked sequential cell  
The clock pin design_1_i/top_0/inst/error_register_1/rol_Error2_reg[11]/C is not reached by a timing clock
Related violations: <none>

TIMING-17#157 Warning
Non-clocked sequential cell  
The clock pin design_1_i/top_0/inst/error_register_1/rol_Error2_reg[12]/C is not reached by a timing clock
Related violations: <none>

TIMING-17#158 Warning
Non-clocked sequential cell  
The clock pin design_1_i/top_0/inst/error_register_1/rol_Error2_reg[13]/C is not reached by a timing clock
Related violations: <none>

TIMING-17#159 Warning
Non-clocked sequential cell  
The clock pin design_1_i/top_0/inst/error_register_1/rol_Error2_reg[14]/C is not reached by a timing clock
Related violations: <none>

TIMING-17#160 Warning
Non-clocked sequential cell  
The clock pin design_1_i/top_0/inst/error_register_1/rol_Error2_reg[15]/C is not reached by a timing clock
Related violations: <none>

TIMING-17#161 Warning
Non-clocked sequential cell  
The clock pin design_1_i/top_0/inst/error_register_1/rol_Error2_reg[16]/C is not reached by a timing clock
Related violations: <none>

TIMING-17#162 Warning
Non-clocked sequential cell  
The clock pin design_1_i/top_0/inst/error_register_1/rol_Error2_reg[1]/C is not reached by a timing clock
Related violations: <none>

TIMING-17#163 Warning
Non-clocked sequential cell  
The clock pin design_1_i/top_0/inst/error_register_1/rol_Error2_reg[2]/C is not reached by a timing clock
Related violations: <none>

TIMING-17#164 Warning
Non-clocked sequential cell  
The clock pin design_1_i/top_0/inst/error_register_1/rol_Error2_reg[3]/C is not reached by a timing clock
Related violations: <none>

TIMING-17#165 Warning
Non-clocked sequential cell  
The clock pin design_1_i/top_0/inst/error_register_1/rol_Error2_reg[4]/C is not reached by a timing clock
Related violations: <none>

TIMING-17#166 Warning
Non-clocked sequential cell  
The clock pin design_1_i/top_0/inst/error_register_1/rol_Error2_reg[5]/C is not reached by a timing clock
Related violations: <none>

TIMING-17#167 Warning
Non-clocked sequential cell  
The clock pin design_1_i/top_0/inst/error_register_1/rol_Error2_reg[6]/C is not reached by a timing clock
Related violations: <none>

TIMING-17#168 Warning
Non-clocked sequential cell  
The clock pin design_1_i/top_0/inst/error_register_1/rol_Error2_reg[7]/C is not reached by a timing clock
Related violations: <none>

TIMING-17#169 Warning
Non-clocked sequential cell  
The clock pin design_1_i/top_0/inst/error_register_1/rol_Error2_reg[8]/C is not reached by a timing clock
Related violations: <none>

TIMING-17#170 Warning
Non-clocked sequential cell  
The clock pin design_1_i/top_0/inst/error_register_1/rol_Error2_reg[9]/C is not reached by a timing clock
Related violations: <none>

TIMING-17#171 Warning
Non-clocked sequential cell  
The clock pin design_1_i/top_0/inst/multiple_1/pit_dTerm0/CLK is not reached by a timing clock
Related violations: <none>

TIMING-17#172 Warning
Non-clocked sequential cell  
The clock pin design_1_i/top_0/inst/multiple_1/pit_dTerm_reg[16]/C is not reached by a timing clock
Related violations: <none>

TIMING-17#173 Warning
Non-clocked sequential cell  
The clock pin design_1_i/top_0/inst/multiple_1/pit_pTerm_reg[10]/C is not reached by a timing clock
Related violations: <none>

TIMING-17#174 Warning
Non-clocked sequential cell  
The clock pin design_1_i/top_0/inst/multiple_1/pit_pTerm_reg[11]/C is not reached by a timing clock
Related violations: <none>

TIMING-17#175 Warning
Non-clocked sequential cell  
The clock pin design_1_i/top_0/inst/multiple_1/pit_pTerm_reg[12]/C is not reached by a timing clock
Related violations: <none>

TIMING-17#176 Warning
Non-clocked sequential cell  
The clock pin design_1_i/top_0/inst/multiple_1/pit_pTerm_reg[13]/C is not reached by a timing clock
Related violations: <none>

TIMING-17#177 Warning
Non-clocked sequential cell  
The clock pin design_1_i/top_0/inst/multiple_1/pit_pTerm_reg[14]/C is not reached by a timing clock
Related violations: <none>

TIMING-17#178 Warning
Non-clocked sequential cell  
The clock pin design_1_i/top_0/inst/multiple_1/pit_pTerm_reg[15]/C is not reached by a timing clock
Related violations: <none>

TIMING-17#179 Warning
Non-clocked sequential cell  
The clock pin design_1_i/top_0/inst/multiple_1/pit_pTerm_reg[16]/C is not reached by a timing clock
Related violations: <none>

TIMING-17#180 Warning
Non-clocked sequential cell  
The clock pin design_1_i/top_0/inst/multiple_1/pit_pTerm_reg[1]/C is not reached by a timing clock
Related violations: <none>

TIMING-17#181 Warning
Non-clocked sequential cell  
The clock pin design_1_i/top_0/inst/multiple_1/pit_pTerm_reg[2]/C is not reached by a timing clock
Related violations: <none>

TIMING-17#182 Warning
Non-clocked sequential cell  
The clock pin design_1_i/top_0/inst/multiple_1/pit_pTerm_reg[3]/C is not reached by a timing clock
Related violations: <none>

TIMING-17#183 Warning
Non-clocked sequential cell  
The clock pin design_1_i/top_0/inst/multiple_1/pit_pTerm_reg[4]/C is not reached by a timing clock
Related violations: <none>

TIMING-17#184 Warning
Non-clocked sequential cell  
The clock pin design_1_i/top_0/inst/multiple_1/pit_pTerm_reg[5]/C is not reached by a timing clock
Related violations: <none>

TIMING-17#185 Warning
Non-clocked sequential cell  
The clock pin design_1_i/top_0/inst/multiple_1/pit_pTerm_reg[6]/C is not reached by a timing clock
Related violations: <none>

TIMING-17#186 Warning
Non-clocked sequential cell  
The clock pin design_1_i/top_0/inst/multiple_1/pit_pTerm_reg[7]/C is not reached by a timing clock
Related violations: <none>

TIMING-17#187 Warning
Non-clocked sequential cell  
The clock pin design_1_i/top_0/inst/multiple_1/pit_pTerm_reg[8]/C is not reached by a timing clock
Related violations: <none>

TIMING-17#188 Warning
Non-clocked sequential cell  
The clock pin design_1_i/top_0/inst/multiple_1/pit_pTerm_reg[9]/C is not reached by a timing clock
Related violations: <none>

TIMING-17#189 Warning
Non-clocked sequential cell  
The clock pin design_1_i/top_0/inst/multiple_1/rol_dTerm0/CLK is not reached by a timing clock
Related violations: <none>

TIMING-17#190 Warning
Non-clocked sequential cell  
The clock pin design_1_i/top_0/inst/multiple_1/rol_dTerm_reg[16]/C is not reached by a timing clock
Related violations: <none>

TIMING-17#191 Warning
Non-clocked sequential cell  
The clock pin design_1_i/top_0/inst/multiple_1/rol_pTerm_reg[10]/C is not reached by a timing clock
Related violations: <none>

TIMING-17#192 Warning
Non-clocked sequential cell  
The clock pin design_1_i/top_0/inst/multiple_1/rol_pTerm_reg[11]/C is not reached by a timing clock
Related violations: <none>

TIMING-17#193 Warning
Non-clocked sequential cell  
The clock pin design_1_i/top_0/inst/multiple_1/rol_pTerm_reg[12]/C is not reached by a timing clock
Related violations: <none>

TIMING-17#194 Warning
Non-clocked sequential cell  
The clock pin design_1_i/top_0/inst/multiple_1/rol_pTerm_reg[13]/C is not reached by a timing clock
Related violations: <none>

TIMING-17#195 Warning
Non-clocked sequential cell  
The clock pin design_1_i/top_0/inst/multiple_1/rol_pTerm_reg[14]/C is not reached by a timing clock
Related violations: <none>

TIMING-17#196 Warning
Non-clocked sequential cell  
The clock pin design_1_i/top_0/inst/multiple_1/rol_pTerm_reg[15]/C is not reached by a timing clock
Related violations: <none>

TIMING-17#197 Warning
Non-clocked sequential cell  
The clock pin design_1_i/top_0/inst/multiple_1/rol_pTerm_reg[16]/C is not reached by a timing clock
Related violations: <none>

TIMING-17#198 Warning
Non-clocked sequential cell  
The clock pin design_1_i/top_0/inst/multiple_1/rol_pTerm_reg[1]/C is not reached by a timing clock
Related violations: <none>

TIMING-17#199 Warning
Non-clocked sequential cell  
The clock pin design_1_i/top_0/inst/multiple_1/rol_pTerm_reg[2]/C is not reached by a timing clock
Related violations: <none>

TIMING-17#200 Warning
Non-clocked sequential cell  
The clock pin design_1_i/top_0/inst/multiple_1/rol_pTerm_reg[3]/C is not reached by a timing clock
Related violations: <none>

TIMING-17#201 Warning
Non-clocked sequential cell  
The clock pin design_1_i/top_0/inst/multiple_1/rol_pTerm_reg[4]/C is not reached by a timing clock
Related violations: <none>

TIMING-17#202 Warning
Non-clocked sequential cell  
The clock pin design_1_i/top_0/inst/multiple_1/rol_pTerm_reg[5]/C is not reached by a timing clock
Related violations: <none>

TIMING-17#203 Warning
Non-clocked sequential cell  
The clock pin design_1_i/top_0/inst/multiple_1/rol_pTerm_reg[6]/C is not reached by a timing clock
Related violations: <none>

TIMING-17#204 Warning
Non-clocked sequential cell  
The clock pin design_1_i/top_0/inst/multiple_1/rol_pTerm_reg[7]/C is not reached by a timing clock
Related violations: <none>

TIMING-17#205 Warning
Non-clocked sequential cell  
The clock pin design_1_i/top_0/inst/multiple_1/rol_pTerm_reg[8]/C is not reached by a timing clock
Related violations: <none>

TIMING-17#206 Warning
Non-clocked sequential cell  
The clock pin design_1_i/top_0/inst/multiple_1/rol_pTerm_reg[9]/C is not reached by a timing clock
Related violations: <none>

TIMING-17#207 Warning
Non-clocked sequential cell  
The clock pin design_1_i/top_0/pit_return_reg[0]_i_2/C is not reached by a timing clock
Related violations: <none>

TIMING-17#208 Warning
Non-clocked sequential cell  
The clock pin design_1_i/top_0/rol_return_reg[0]_i_2/C is not reached by a timing clock
Related violations: <none>

TIMING-17#209 Warning
Non-clocked sequential cell  
The clock pin design_1_i/zybo_tx_top_0/inst/tx1/clk0_reg[0]/C is not reached by a timing clock
Related violations: <none>

TIMING-17#210 Warning
Non-clocked sequential cell  
The clock pin design_1_i/zybo_tx_top_0/inst/tx1/clk0_reg[1]/C is not reached by a timing clock
Related violations: <none>

TIMING-17#211 Warning
Non-clocked sequential cell  
The clock pin design_1_i/zybo_tx_top_0/inst/tx1/clk0_reg[2]/C is not reached by a timing clock
Related violations: <none>

TIMING-17#212 Warning
Non-clocked sequential cell  
The clock pin design_1_i/zybo_tx_top_0/inst/tx1/clk0_reg[3]/C is not reached by a timing clock
Related violations: <none>

TIMING-17#213 Warning
Non-clocked sequential cell  
The clock pin design_1_i/zybo_tx_top_0/inst/tx1/clk0_reg[4]/C is not reached by a timing clock
Related violations: <none>

TIMING-17#214 Warning
Non-clocked sequential cell  
The clock pin design_1_i/zybo_tx_top_0/inst/tx1/clk0_reg[5]/C is not reached by a timing clock
Related violations: <none>

TIMING-17#215 Warning
Non-clocked sequential cell  
The clock pin design_1_i/zybo_tx_top_0/inst/tx1/clk0_reg[6]/C is not reached by a timing clock
Related violations: <none>

TIMING-17#216 Warning
Non-clocked sequential cell  
The clock pin design_1_i/zybo_tx_top_0/inst/tx1/clk0_reg[7]/C is not reached by a timing clock
Related violations: <none>

TIMING-17#217 Warning
Non-clocked sequential cell  
The clock pin design_1_i/zybo_tx_top_0/inst/tx1/clk1_reg[0]/C is not reached by a timing clock
Related violations: <none>

TIMING-17#218 Warning
Non-clocked sequential cell  
The clock pin design_1_i/zybo_tx_top_0/inst/tx1/clk1_reg[1]/C is not reached by a timing clock
Related violations: <none>

TIMING-17#219 Warning
Non-clocked sequential cell  
The clock pin design_1_i/zybo_tx_top_0/inst/tx1/clk1_reg[2]/C is not reached by a timing clock
Related violations: <none>

TIMING-17#220 Warning
Non-clocked sequential cell  
The clock pin design_1_i/zybo_tx_top_0/inst/tx1/reg_tx_x_reg[0]/C is not reached by a timing clock
Related violations: <none>

TIMING-17#221 Warning
Non-clocked sequential cell  
The clock pin design_1_i/zybo_tx_top_0/inst/tx1/reg_tx_x_reg[1]/C is not reached by a timing clock
Related violations: <none>

TIMING-17#222 Warning
Non-clocked sequential cell  
The clock pin design_1_i/zybo_tx_top_0/inst/tx1/reg_tx_x_reg[2]/C is not reached by a timing clock
Related violations: <none>

TIMING-17#223 Warning
Non-clocked sequential cell  
The clock pin design_1_i/zybo_tx_top_0/inst/tx1/reg_tx_x_reg[3]/C is not reached by a timing clock
Related violations: <none>

TIMING-17#224 Warning
Non-clocked sequential cell  
The clock pin design_1_i/zybo_tx_top_0/inst/tx1/reg_tx_x_reg[4]/C is not reached by a timing clock
Related violations: <none>

TIMING-17#225 Warning
Non-clocked sequential cell  
The clock pin design_1_i/zybo_tx_top_0/inst/tx1/reg_tx_x_reg[5]/C is not reached by a timing clock
Related violations: <none>

TIMING-17#226 Warning
Non-clocked sequential cell  
The clock pin design_1_i/zybo_tx_top_0/inst/tx1/reg_tx_x_reg[6]/C is not reached by a timing clock
Related violations: <none>

TIMING-17#227 Warning
Non-clocked sequential cell  
The clock pin design_1_i/zybo_tx_top_0/inst/tx1/reg_tx_x_reg[7]/C is not reached by a timing clock
Related violations: <none>

TIMING-17#228 Warning
Non-clocked sequential cell  
The clock pin design_1_i/zybo_tx_top_0/inst/tx1/reg_tx_x_reg[8]/C is not reached by a timing clock
Related violations: <none>

TIMING-17#229 Warning
Non-clocked sequential cell  
The clock pin design_1_i/zybo_tx_top_0/inst/tx1/reg_tx_x_reg[9]/C is not reached by a timing clock
Related violations: <none>

TIMING-17#230 Warning
Non-clocked sequential cell  
The clock pin design_1_i/zybo_tx_top_0/inst/tx1/reg_tx_y_reg[0]/C is not reached by a timing clock
Related violations: <none>

TIMING-17#231 Warning
Non-clocked sequential cell  
The clock pin design_1_i/zybo_tx_top_0/inst/tx1/reg_tx_y_reg[1]/C is not reached by a timing clock
Related violations: <none>

TIMING-17#232 Warning
Non-clocked sequential cell  
The clock pin design_1_i/zybo_tx_top_0/inst/tx1/reg_tx_y_reg[2]/C is not reached by a timing clock
Related violations: <none>

TIMING-17#233 Warning
Non-clocked sequential cell  
The clock pin design_1_i/zybo_tx_top_0/inst/tx1/reg_tx_y_reg[3]/C is not reached by a timing clock
Related violations: <none>

TIMING-17#234 Warning
Non-clocked sequential cell  
The clock pin design_1_i/zybo_tx_top_0/inst/tx1/reg_tx_y_reg[4]/C is not reached by a timing clock
Related violations: <none>

TIMING-17#235 Warning
Non-clocked sequential cell  
The clock pin design_1_i/zybo_tx_top_0/inst/tx1/reg_tx_y_reg[5]/C is not reached by a timing clock
Related violations: <none>

TIMING-17#236 Warning
Non-clocked sequential cell  
The clock pin design_1_i/zybo_tx_top_0/inst/tx1/reg_tx_y_reg[6]/C is not reached by a timing clock
Related violations: <none>

TIMING-17#237 Warning
Non-clocked sequential cell  
The clock pin design_1_i/zybo_tx_top_0/inst/tx1/reg_tx_y_reg[7]/C is not reached by a timing clock
Related violations: <none>

TIMING-17#238 Warning
Non-clocked sequential cell  
The clock pin design_1_i/zybo_tx_top_0/inst/tx1/reg_tx_y_reg[8]/C is not reached by a timing clock
Related violations: <none>

TIMING-17#239 Warning
Non-clocked sequential cell  
The clock pin design_1_i/zybo_tx_top_0/inst/tx1/reg_tx_y_reg[9]/C is not reached by a timing clock
Related violations: <none>

TIMING-17#240 Warning
Non-clocked sequential cell  
The clock pin design_1_i/zybo_tx_top_0/inst/tx1/state_reg[0]/C is not reached by a timing clock
Related violations: <none>

TIMING-17#241 Warning
Non-clocked sequential cell  
The clock pin design_1_i/zybo_tx_top_0/inst/tx1/state_reg[1]/C is not reached by a timing clock
Related violations: <none>

TIMING-18#1 Warning
Missing input or output delay  
An input delay is missing on GPIO_0_tri_i[0] relative to clock(s) clk_fpga_0
Related violations: <none>

TIMING-18#2 Warning
Missing input or output delay  
An input delay is missing on GPIO_0_tri_i[1] relative to clock(s) clk_fpga_0
Related violations: <none>

TIMING-18#3 Warning
Missing input or output delay  
An input delay is missing on GPIO_0_tri_i[2] relative to clock(s) clk_fpga_0
Related violations: <none>

TIMING-18#4 Warning
Missing input or output delay  
An input delay is missing on GPIO_0_tri_i[3] relative to clock(s) clk_fpga_0
Related violations: <none>

TIMING-18#5 Warning
Missing input or output delay  
An output delay is missing on cout_pit relative to clock(s) clk_fpga_0
Related violations: <none>

TIMING-18#6 Warning
Missing input or output delay  
An output delay is missing on cout_rol relative to clock(s) clk_fpga_0
Related violations: <none>

TIMING-20#1 Warning
Non-clocked latch  
The latch design_1_i/top_0/inst/add1_1/rol_return_reg[0] cannot be properly analyzed as its control pin design_1_i/top_0/inst/add1_1/rol_return_reg[0]/G is not reached by a timing clock
Related violations: <none>

TIMING-20#2 Warning
Non-clocked latch  
The latch design_1_i/top_0/inst/add1_1/rol_return_reg[10] cannot be properly analyzed as its control pin design_1_i/top_0/inst/add1_1/rol_return_reg[10]/G is not reached by a timing clock
Related violations: <none>

TIMING-20#3 Warning
Non-clocked latch  
The latch design_1_i/top_0/inst/add1_1/rol_return_reg[11] cannot be properly analyzed as its control pin design_1_i/top_0/inst/add1_1/rol_return_reg[11]/G is not reached by a timing clock
Related violations: <none>

TIMING-20#4 Warning
Non-clocked latch  
The latch design_1_i/top_0/inst/add1_1/rol_return_reg[12] cannot be properly analyzed as its control pin design_1_i/top_0/inst/add1_1/rol_return_reg[12]/G is not reached by a timing clock
Related violations: <none>

TIMING-20#5 Warning
Non-clocked latch  
The latch design_1_i/top_0/inst/add1_1/rol_return_reg[13] cannot be properly analyzed as its control pin design_1_i/top_0/inst/add1_1/rol_return_reg[13]/G is not reached by a timing clock
Related violations: <none>

TIMING-20#6 Warning
Non-clocked latch  
The latch design_1_i/top_0/inst/add1_1/rol_return_reg[14] cannot be properly analyzed as its control pin design_1_i/top_0/inst/add1_1/rol_return_reg[14]/G is not reached by a timing clock
Related violations: <none>

TIMING-20#7 Warning
Non-clocked latch  
The latch design_1_i/top_0/inst/add1_1/rol_return_reg[15] cannot be properly analyzed as its control pin design_1_i/top_0/inst/add1_1/rol_return_reg[15]/G is not reached by a timing clock
Related violations: <none>

TIMING-20#8 Warning
Non-clocked latch  
The latch design_1_i/top_0/inst/add1_1/rol_return_reg[16] cannot be properly analyzed as its control pin design_1_i/top_0/inst/add1_1/rol_return_reg[16]/G is not reached by a timing clock
Related violations: <none>

TIMING-20#9 Warning
Non-clocked latch  
The latch design_1_i/top_0/inst/add1_1/rol_return_reg[1] cannot be properly analyzed as its control pin design_1_i/top_0/inst/add1_1/rol_return_reg[1]/G is not reached by a timing clock
Related violations: <none>

TIMING-20#10 Warning
Non-clocked latch  
The latch design_1_i/top_0/inst/add1_1/rol_return_reg[2] cannot be properly analyzed as its control pin design_1_i/top_0/inst/add1_1/rol_return_reg[2]/G is not reached by a timing clock
Related violations: <none>

TIMING-20#11 Warning
Non-clocked latch  
The latch design_1_i/top_0/inst/add1_1/rol_return_reg[3] cannot be properly analyzed as its control pin design_1_i/top_0/inst/add1_1/rol_return_reg[3]/G is not reached by a timing clock
Related violations: <none>

TIMING-20#12 Warning
Non-clocked latch  
The latch design_1_i/top_0/inst/add1_1/rol_return_reg[4] cannot be properly analyzed as its control pin design_1_i/top_0/inst/add1_1/rol_return_reg[4]/G is not reached by a timing clock
Related violations: <none>

TIMING-20#13 Warning
Non-clocked latch  
The latch design_1_i/top_0/inst/add1_1/rol_return_reg[5] cannot be properly analyzed as its control pin design_1_i/top_0/inst/add1_1/rol_return_reg[5]/G is not reached by a timing clock
Related violations: <none>

TIMING-20#14 Warning
Non-clocked latch  
The latch design_1_i/top_0/inst/add1_1/rol_return_reg[6] cannot be properly analyzed as its control pin design_1_i/top_0/inst/add1_1/rol_return_reg[6]/G is not reached by a timing clock
Related violations: <none>

TIMING-20#15 Warning
Non-clocked latch  
The latch design_1_i/top_0/inst/add1_1/rol_return_reg[7] cannot be properly analyzed as its control pin design_1_i/top_0/inst/add1_1/rol_return_reg[7]/G is not reached by a timing clock
Related violations: <none>

TIMING-20#16 Warning
Non-clocked latch  
The latch design_1_i/top_0/inst/add1_1/rol_return_reg[8] cannot be properly analyzed as its control pin design_1_i/top_0/inst/add1_1/rol_return_reg[8]/G is not reached by a timing clock
Related violations: <none>

TIMING-20#17 Warning
Non-clocked latch  
The latch design_1_i/top_0/inst/add1_1/rol_return_reg[9] cannot be properly analyzed as its control pin design_1_i/top_0/inst/add1_1/rol_return_reg[9]/G is not reached by a timing clock
Related violations: <none>

TIMING-20#18 Warning
Non-clocked latch  
The latch design_1_i/top_0/inst/add2_1/pit_return_reg[0] cannot be properly analyzed as its control pin design_1_i/top_0/inst/add2_1/pit_return_reg[0]/G is not reached by a timing clock
Related violations: <none>

TIMING-20#19 Warning
Non-clocked latch  
The latch design_1_i/top_0/inst/add2_1/pit_return_reg[10] cannot be properly analyzed as its control pin design_1_i/top_0/inst/add2_1/pit_return_reg[10]/G is not reached by a timing clock
Related violations: <none>

TIMING-20#20 Warning
Non-clocked latch  
The latch design_1_i/top_0/inst/add2_1/pit_return_reg[11] cannot be properly analyzed as its control pin design_1_i/top_0/inst/add2_1/pit_return_reg[11]/G is not reached by a timing clock
Related violations: <none>

TIMING-20#21 Warning
Non-clocked latch  
The latch design_1_i/top_0/inst/add2_1/pit_return_reg[12] cannot be properly analyzed as its control pin design_1_i/top_0/inst/add2_1/pit_return_reg[12]/G is not reached by a timing clock
Related violations: <none>

TIMING-20#22 Warning
Non-clocked latch  
The latch design_1_i/top_0/inst/add2_1/pit_return_reg[13] cannot be properly analyzed as its control pin design_1_i/top_0/inst/add2_1/pit_return_reg[13]/G is not reached by a timing clock
Related violations: <none>

TIMING-20#23 Warning
Non-clocked latch  
The latch design_1_i/top_0/inst/add2_1/pit_return_reg[14] cannot be properly analyzed as its control pin design_1_i/top_0/inst/add2_1/pit_return_reg[14]/G is not reached by a timing clock
Related violations: <none>

TIMING-20#24 Warning
Non-clocked latch  
The latch design_1_i/top_0/inst/add2_1/pit_return_reg[15] cannot be properly analyzed as its control pin design_1_i/top_0/inst/add2_1/pit_return_reg[15]/G is not reached by a timing clock
Related violations: <none>

TIMING-20#25 Warning
Non-clocked latch  
The latch design_1_i/top_0/inst/add2_1/pit_return_reg[16] cannot be properly analyzed as its control pin design_1_i/top_0/inst/add2_1/pit_return_reg[16]/G is not reached by a timing clock
Related violations: <none>

TIMING-20#26 Warning
Non-clocked latch  
The latch design_1_i/top_0/inst/add2_1/pit_return_reg[1] cannot be properly analyzed as its control pin design_1_i/top_0/inst/add2_1/pit_return_reg[1]/G is not reached by a timing clock
Related violations: <none>

TIMING-20#27 Warning
Non-clocked latch  
The latch design_1_i/top_0/inst/add2_1/pit_return_reg[2] cannot be properly analyzed as its control pin design_1_i/top_0/inst/add2_1/pit_return_reg[2]/G is not reached by a timing clock
Related violations: <none>

TIMING-20#28 Warning
Non-clocked latch  
The latch design_1_i/top_0/inst/add2_1/pit_return_reg[3] cannot be properly analyzed as its control pin design_1_i/top_0/inst/add2_1/pit_return_reg[3]/G is not reached by a timing clock
Related violations: <none>

TIMING-20#29 Warning
Non-clocked latch  
The latch design_1_i/top_0/inst/add2_1/pit_return_reg[4] cannot be properly analyzed as its control pin design_1_i/top_0/inst/add2_1/pit_return_reg[4]/G is not reached by a timing clock
Related violations: <none>

TIMING-20#30 Warning
Non-clocked latch  
The latch design_1_i/top_0/inst/add2_1/pit_return_reg[5] cannot be properly analyzed as its control pin design_1_i/top_0/inst/add2_1/pit_return_reg[5]/G is not reached by a timing clock
Related violations: <none>

TIMING-20#31 Warning
Non-clocked latch  
The latch design_1_i/top_0/inst/add2_1/pit_return_reg[6] cannot be properly analyzed as its control pin design_1_i/top_0/inst/add2_1/pit_return_reg[6]/G is not reached by a timing clock
Related violations: <none>

TIMING-20#32 Warning
Non-clocked latch  
The latch design_1_i/top_0/inst/add2_1/pit_return_reg[7] cannot be properly analyzed as its control pin design_1_i/top_0/inst/add2_1/pit_return_reg[7]/G is not reached by a timing clock
Related violations: <none>

TIMING-20#33 Warning
Non-clocked latch  
The latch design_1_i/top_0/inst/add2_1/pit_return_reg[8] cannot be properly analyzed as its control pin design_1_i/top_0/inst/add2_1/pit_return_reg[8]/G is not reached by a timing clock
Related violations: <none>

TIMING-20#34 Warning
Non-clocked latch  
The latch design_1_i/top_0/inst/add2_1/pit_return_reg[9] cannot be properly analyzed as its control pin design_1_i/top_0/inst/add2_1/pit_return_reg[9]/G is not reached by a timing clock
Related violations: <none>


