#-----------------------------------------------------------
# Webtalk v2017.4 (64-bit)
# SW Build 2086221 on Fri Dec 15 20:55:39 MST 2017
# 
# Start of session at: Thu Dec 27 21:26:20 2018
# Process ID: 488
# Current directory: D:/micropc_project1/our_project2/our_project2.sdk/webtalk
# Command line: wbtcv.exe -mode batch -source sdk_webtalk.tcl
# Log file: D:/micropc_project1/our_project2/our_project2.sdk/webtalk/webtalk.log
# Journal file: D:/micropc_project1/our_project2/our_project2.sdk/webtalk\webtalk.jou
#-----------------------------------------------------------
source sdk_webtalk.tcl
# webtalk_init -webtalk_dir D:\\micropc_project1\\our_project2\\our_project2.sdk\\webtalk
# webtalk_register_client -client project
# webtalk_add_data -client project -key date_generated -value "2018-12-27 21:26:14" -context "software_version_and_target_device"
# webtalk_add_data -client project -key product_version -value "SDK v2017.4" -context "software_version_and_target_device"
# webtalk_add_data -client project -key build_version -value "2017.4" -context "software_version_and_target_device"
# webtalk_add_data -client project -key os_platform -value "amd64" -context "software_version_and_target_device"
# webtalk_add_data -client project -key registration_id -value "" -context "software_version_and_target_device"
# webtalk_add_data -client project -key tool_flow -value "SDK" -context "software_version_and_target_device"
# webtalk_add_data -client project -key beta -value "false" -context "software_version_and_target_device"
# webtalk_add_data -client project -key route_design -value "NA" -context "software_version_and_target_device"
# webtalk_add_data -client project -key target_family -value "NA" -context "software_version_and_target_device"
# webtalk_add_data -client project -key target_device -value "NA" -context "software_version_and_target_device"
# webtalk_add_data -client project -key target_package -value "NA" -context "software_version_and_target_device"
# webtalk_add_data -client project -key target_speed -value "NA" -context "software_version_and_target_device"
# webtalk_add_data -client project -key random_id -value "e8b2fd4h2cr20ait3es9r806kk" -context "software_version_and_target_device"
# webtalk_add_data -client project -key project_id -value "2017.4_81" -context "software_version_and_target_device"
# webtalk_add_data -client project -key project_iteration -value "81" -context "software_version_and_target_device"
# webtalk_add_data -client project -key os_name -value "Microsoft Windows 8 or later , 64-bit" -context "user_environment"
# webtalk_add_data -client project -key os_release -value "major release  (build 9200)" -context "user_environment"
# webtalk_add_data -client project -key cpu_name -value "Intel(R) Core(TM) i5-6300HQ CPU @ 2.30GHz" -context "user_environment"
# webtalk_add_data -client project -key cpu_speed -value "2304 MHz" -context "user_environment"
# webtalk_add_data -client project -key total_processors -value "1" -context "user_environment"
# webtalk_add_data -client project -key system_ram -value "8.484 GB" -context "user_environment"
# webtalk_register_client -client sdk
# webtalk_add_data -client sdk -key uid -value "1545913979215" -context "sdk\\\\hardware/1545913979215"
# webtalk_add_data -client sdk -key isZynq -value "true" -context "sdk\\\\hardware/1545913979215"
# webtalk_add_data -client sdk -key isZynqMP -value "false" -context "sdk\\\\hardware/1545913979215"
# webtalk_add_data -client sdk -key Processors -value "2" -context "sdk\\\\hardware/1545913979215"
# webtalk_add_data -client sdk -key VivadoVersion -value "2017.4" -context "sdk\\\\hardware/1545913979215"
# webtalk_add_data -client sdk -key Arch -value "zynq" -context "sdk\\\\hardware/1545913979215"
# webtalk_add_data -client sdk -key Device -value "7z010" -context "sdk\\\\hardware/1545913979215"
# webtalk_add_data -client sdk -key IsHandoff -value "true" -context "sdk\\\\hardware/1545913979215"
# webtalk_add_data -client sdk -key os -value "NA" -context "sdk\\\\hardware/1545913979215"
# webtalk_add_data -client sdk -key apptemplate -value "NA" -context "sdk\\\\hardware/1545913979215"
# webtalk_add_data -client sdk -key RecordType -value "HWCreation" -context "sdk\\\\hardware/1545913979215"
# webtalk_add_data -client sdk -key uid -value "1545914073869" -context "sdk\\\\bsp/1545914073869"
# webtalk_add_data -client sdk -key hwid -value "1545913979215" -context "sdk\\\\bsp/1545914073869"
# webtalk_add_data -client sdk -key os -value "standalone" -context "sdk\\\\bsp/1545914073869"
# webtalk_add_data -client sdk -key apptemplate -value "empty_application" -context "sdk\\\\bsp/1545914073869"
# webtalk_add_data -client sdk -key RecordType -value "BSPCreation" -context "sdk\\\\bsp/1545914073869"
# webtalk_add_data -client sdk -key uid -value "1545914080633" -context "sdk\\\\application/1545914080633"
# webtalk_add_data -client sdk -key hwid -value "1545913979215" -context "sdk\\\\application/1545914080633"
# webtalk_add_data -client sdk -key bspid -value "1545914073869" -context "sdk\\\\application/1545914080633"
# webtalk_add_data -client sdk -key newbsp -value "true" -context "sdk\\\\application/1545914080633"
# webtalk_add_data -client sdk -key os -value "standalone" -context "sdk\\\\application/1545914080633"
# webtalk_add_data -client sdk -key apptemplate -value "empty_application" -context "sdk\\\\application/1545914080633"
# webtalk_add_data -client sdk -key RecordType -value "APPCreation" -context "sdk\\\\application/1545914080633"
# webtalk_add_data -client sdk -key LangUsed -value "C" -context "sdk\\\\application/1545914080633"
# webtalk_add_data -client sdk -key Procused -value "ps7_cortexa9" -context "sdk\\\\application/1545914080633"
# webtalk_add_data -client sdk -key projSize -value "188.0703125" -context "sdk\\\\application/1545914080633"
# webtalk_add_data -client sdk -key uid -value "NA" -context "sdk\\\\bsp/1545917174829"
# webtalk_add_data -client sdk -key RecordType -value "ToolUsage" -context "sdk\\\\bsp/1545917174829"
# webtalk_add_data -client sdk -key BootgenCount -value "0" -context "sdk\\\\bsp/1545917174829"
# webtalk_add_data -client sdk -key DebugCount -value "3" -context "sdk\\\\bsp/1545917174829"
# webtalk_add_data -client sdk -key PerfCount -value "0" -context "sdk\\\\bsp/1545917174829"
# webtalk_add_data -client sdk -key FlashCount -value "0" -context "sdk\\\\bsp/1545917174829"
# webtalk_add_data -client sdk -key CrossTriggCount -value "0" -context "sdk\\\\bsp/1545917174829"
# webtalk_add_data -client sdk -key QemuDebugCount -value "0" -context "sdk\\\\bsp/1545917174829"
# webtalk_transmit -clientid 2359917478 -regid "" -xml D:\\micropc_project1\\our_project2\\our_project2.sdk\\webtalk\\usage_statistics_ext_sdk.xml -html D:\\micropc_project1\\our_project2\\our_project2.sdk\\webtalk\\usage_statistics_ext_sdk.html -wdm D:\\micropc_project1\\our_project2\\our_project2.sdk\\webtalk\\sdk_webtalk.wdm -intro "<H3>SDK Usage Report</H3><BR>"
webtalk_transmit: Time (s): cpu = 00:00:00 ; elapsed = 00:00:06 . Memory (MB): peak = 52.125 ; gain = 0.316
# webtalk_terminate
INFO: [Common 17-206] Exiting Webtalk at Thu Dec 27 21:26:28 2018...
