20:32:46 INFO  : Registering command handlers for SDK TCF services
20:32:47 INFO  : Launching XSCT server: xsct.bat -interactive D:\micropc_project1\our_project2\our_project2.sdk\temp_xsdb_launch_script.tcl
20:32:51 INFO  : XSCT server has started successfully.
20:32:54 INFO  : Successfully done setting XSCT server connection channel  
20:32:54 INFO  : Successfully done setting SDK workspace  
20:32:54 INFO  : Processing command line option -hwspec D:/micropc_project1/our_project2/our_project2.sdk/design_1_wrapper.hdf.
21:02:39 INFO  : Connected to target on host '127.0.0.1' and port '3121'.
21:02:40 INFO  : 'targets -set -filter {jtag_cable_name =~ "Digilent Zybo Z7 210351A77C7AA" && level==0} -index 1' command is executed.
21:02:41 INFO  : FPGA configured successfully with bitstream "D:/micropc_project1/our_project2/our_project2.sdk/design_1_wrapper_hw_platform_0/design_1_wrapper.bit"
21:02:52 INFO  : 'targets -set -filter {jtag_cable_name =~ "Digilent Zybo Z7 210351A77C7AA" && level==0} -index 1' command is executed.
21:02:52 INFO  : 'fpga -state' command is executed.
21:02:52 INFO  : Connected to target on host '127.0.0.1' and port '3121'.
21:02:53 INFO  : Jtag cable 'Digilent Zybo Z7 210351A77C7AA' is selected.
21:02:53 INFO  : 'jtag frequency' command is executed.
21:02:53 INFO  : Sourcing of 'D:/micropc_project1/our_project2/our_project2.sdk/design_1_wrapper_hw_platform_0/ps7_init.tcl' is done.
21:02:53 INFO  : Context for 'APU' is selected.
21:02:53 INFO  : Hardware design information is loaded from 'D:/micropc_project1/our_project2/our_project2.sdk/design_1_wrapper_hw_platform_0/system.hdf'.
21:02:53 INFO  : 'configparams force-mem-access 1' command is executed.
21:02:53 INFO  : Context for 'APU' is selected.
21:02:53 INFO  : 'stop' command is executed.
21:02:54 INFO  : 'ps7_init' command is executed.
21:02:54 INFO  : 'ps7_post_config' command is executed.
21:02:54 INFO  : Context for processor 'ps7_cortexa9_0' is selected.
21:02:54 INFO  : Processor reset is completed for 'ps7_cortexa9_0'.
21:02:54 INFO  : Context for processor 'ps7_cortexa9_0' is selected.
21:02:54 INFO  : The application 'D:/micropc_project1/our_project2/our_project2.sdk/our_project2/Debug/our_project2.elf' is downloaded to processor 'ps7_cortexa9_0'.
21:02:54 INFO  : 'configparams force-mem-access 0' command is executed.
21:02:54 INFO  : ----------------XSDB Script----------------
connect -url tcp:127.0.0.1:3121
source D:/micropc_project1/our_project2/our_project2.sdk/design_1_wrapper_hw_platform_0/ps7_init.tcl
targets -set -nocase -filter {name =~"APU*" && jtag_cable_name =~ "Digilent Zybo Z7 210351A77C7AA"} -index 0
loadhw -hw D:/micropc_project1/our_project2/our_project2.sdk/design_1_wrapper_hw_platform_0/system.hdf -mem-ranges [list {0x40000000 0xbfffffff}]
configparams force-mem-access 1
targets -set -nocase -filter {name =~"APU*" && jtag_cable_name =~ "Digilent Zybo Z7 210351A77C7AA"} -index 0
stop
ps7_init
ps7_post_config
targets -set -nocase -filter {name =~ "ARM*#0" && jtag_cable_name =~ "Digilent Zybo Z7 210351A77C7AA"} -index 0
rst -processor
targets -set -nocase -filter {name =~ "ARM*#0" && jtag_cable_name =~ "Digilent Zybo Z7 210351A77C7AA"} -index 0
dow D:/micropc_project1/our_project2/our_project2.sdk/our_project2/Debug/our_project2.elf
configparams force-mem-access 0
----------------End of Script----------------

21:02:54 INFO  : Memory regions updated for context APU
21:02:54 INFO  : Context for processor 'ps7_cortexa9_0' is selected.
21:02:54 INFO  : 'con' command is executed.
21:02:54 INFO  : ----------------XSDB Script (After Launch)----------------
targets -set -nocase -filter {name =~ "ARM*#0" && jtag_cable_name =~ "Digilent Zybo Z7 210351A77C7AA"} -index 0
con
----------------End of Script----------------

21:02:54 INFO  : Launch script is exported to file 'D:\micropc_project1\our_project2\our_project2.sdk\.sdk\launch_scripts\xilinx_c-c++_application_(system_debugger)\system_debugger_using_debug_our_project2.elf_on_local.tcl'
21:03:48 INFO  : Connected to target on host '127.0.0.1' and port '3121'.
21:03:48 INFO  : 'targets -set -filter {jtag_cable_name =~ "Digilent Zybo Z7 210351A77C7AA" && level==0} -index 1' command is executed.
21:03:50 INFO  : FPGA configured successfully with bitstream "D:/micropc_project1/our_project2/our_project2.sdk/design_1_wrapper_hw_platform_0/design_1_wrapper.bit"
21:04:11 INFO  : Disconnected from the channel tcfchan#1.
21:04:12 INFO  : 'targets -set -filter {jtag_cable_name =~ "Digilent Zybo Z7 210351A77C7AA" && level==0} -index 1' command is executed.
21:04:12 INFO  : 'fpga -state' command is executed.
21:04:12 INFO  : Connected to target on host '127.0.0.1' and port '3121'.
21:04:13 INFO  : Jtag cable 'Digilent Zybo Z7 210351A77C7AA' is selected.
21:04:13 INFO  : 'jtag frequency' command is executed.
21:04:13 INFO  : Sourcing of 'D:/micropc_project1/our_project2/our_project2.sdk/design_1_wrapper_hw_platform_0/ps7_init.tcl' is done.
21:04:13 INFO  : Context for 'APU' is selected.
21:04:16 INFO  : Hardware design information is loaded from 'D:/micropc_project1/our_project2/our_project2.sdk/design_1_wrapper_hw_platform_0/system.hdf'.
21:04:16 INFO  : 'configparams force-mem-access 1' command is executed.
21:04:16 INFO  : Context for 'APU' is selected.
21:04:16 INFO  : 'stop' command is executed.
21:04:16 INFO  : 'ps7_init' command is executed.
21:04:16 INFO  : 'ps7_post_config' command is executed.
21:04:16 INFO  : Context for processor 'ps7_cortexa9_0' is selected.
21:04:16 INFO  : Processor reset is completed for 'ps7_cortexa9_0'.
21:04:17 INFO  : Context for processor 'ps7_cortexa9_0' is selected.
21:04:17 INFO  : The application 'D:/micropc_project1/our_project2/our_project2.sdk/our_project2/Debug/our_project2.elf' is downloaded to processor 'ps7_cortexa9_0'.
21:04:17 INFO  : 'configparams force-mem-access 0' command is executed.
21:04:17 INFO  : ----------------XSDB Script----------------
connect -url tcp:127.0.0.1:3121
source D:/micropc_project1/our_project2/our_project2.sdk/design_1_wrapper_hw_platform_0/ps7_init.tcl
targets -set -nocase -filter {name =~"APU*" && jtag_cable_name =~ "Digilent Zybo Z7 210351A77C7AA"} -index 0
loadhw -hw D:/micropc_project1/our_project2/our_project2.sdk/design_1_wrapper_hw_platform_0/system.hdf -mem-ranges [list {0x40000000 0xbfffffff}]
configparams force-mem-access 1
targets -set -nocase -filter {name =~"APU*" && jtag_cable_name =~ "Digilent Zybo Z7 210351A77C7AA"} -index 0
stop
ps7_init
ps7_post_config
targets -set -nocase -filter {name =~ "ARM*#0" && jtag_cable_name =~ "Digilent Zybo Z7 210351A77C7AA"} -index 0
rst -processor
targets -set -nocase -filter {name =~ "ARM*#0" && jtag_cable_name =~ "Digilent Zybo Z7 210351A77C7AA"} -index 0
dow D:/micropc_project1/our_project2/our_project2.sdk/our_project2/Debug/our_project2.elf
configparams force-mem-access 0
----------------End of Script----------------

21:04:17 INFO  : Memory regions updated for context APU
21:04:17 INFO  : Context for processor 'ps7_cortexa9_0' is selected.
21:04:17 INFO  : 'con' command is executed.
21:04:17 INFO  : ----------------XSDB Script (After Launch)----------------
targets -set -nocase -filter {name =~ "ARM*#0" && jtag_cable_name =~ "Digilent Zybo Z7 210351A77C7AA"} -index 0
con
----------------End of Script----------------

21:04:17 INFO  : Launch script is exported to file 'D:\micropc_project1\our_project2\our_project2.sdk\.sdk\launch_scripts\xilinx_c-c++_application_(system_debugger)\system_debugger_using_debug_our_project2.elf_on_local.tcl'
21:04:35 INFO  : Disconnected from the channel tcfchan#2.
21:04:36 INFO  : 'targets -set -filter {jtag_cable_name =~ "Digilent Zybo Z7 210351A77C7AA" && level==0} -index 1' command is executed.
21:04:36 INFO  : 'fpga -state' command is executed.
21:04:36 INFO  : Connected to target on host '127.0.0.1' and port '3121'.
21:04:36 INFO  : Jtag cable 'Digilent Zybo Z7 210351A77C7AA' is selected.
21:04:36 INFO  : 'jtag frequency' command is executed.
21:04:36 INFO  : Sourcing of 'D:/micropc_project1/our_project2/our_project2.sdk/design_1_wrapper_hw_platform_0/ps7_init.tcl' is done.
21:04:36 INFO  : Context for 'APU' is selected.
21:04:39 INFO  : Hardware design information is loaded from 'D:/micropc_project1/our_project2/our_project2.sdk/design_1_wrapper_hw_platform_0/system.hdf'.
21:04:39 INFO  : 'configparams force-mem-access 1' command is executed.
21:04:39 INFO  : Context for 'APU' is selected.
21:04:39 INFO  : 'stop' command is executed.
21:04:39 INFO  : 'ps7_init' command is executed.
21:04:39 INFO  : 'ps7_post_config' command is executed.
21:04:40 INFO  : Context for processor 'ps7_cortexa9_0' is selected.
21:04:40 INFO  : Processor reset is completed for 'ps7_cortexa9_0'.
21:04:40 INFO  : Context for processor 'ps7_cortexa9_0' is selected.
21:04:40 INFO  : The application 'D:/micropc_project1/our_project2/our_project2.sdk/our_project2/Debug/our_project2.elf' is downloaded to processor 'ps7_cortexa9_0'.
21:04:40 INFO  : 'configparams force-mem-access 0' command is executed.
21:04:40 INFO  : ----------------XSDB Script----------------
connect -url tcp:127.0.0.1:3121
source D:/micropc_project1/our_project2/our_project2.sdk/design_1_wrapper_hw_platform_0/ps7_init.tcl
targets -set -nocase -filter {name =~"APU*" && jtag_cable_name =~ "Digilent Zybo Z7 210351A77C7AA"} -index 0
loadhw -hw D:/micropc_project1/our_project2/our_project2.sdk/design_1_wrapper_hw_platform_0/system.hdf -mem-ranges [list {0x40000000 0xbfffffff}]
configparams force-mem-access 1
targets -set -nocase -filter {name =~"APU*" && jtag_cable_name =~ "Digilent Zybo Z7 210351A77C7AA"} -index 0
stop
ps7_init
ps7_post_config
targets -set -nocase -filter {name =~ "ARM*#0" && jtag_cable_name =~ "Digilent Zybo Z7 210351A77C7AA"} -index 0
rst -processor
targets -set -nocase -filter {name =~ "ARM*#0" && jtag_cable_name =~ "Digilent Zybo Z7 210351A77C7AA"} -index 0
dow D:/micropc_project1/our_project2/our_project2.sdk/our_project2/Debug/our_project2.elf
configparams force-mem-access 0
----------------End of Script----------------

21:04:40 INFO  : Memory regions updated for context APU
21:04:40 INFO  : Context for processor 'ps7_cortexa9_0' is selected.
21:04:40 INFO  : 'con' command is executed.
21:04:40 INFO  : ----------------XSDB Script (After Launch)----------------
targets -set -nocase -filter {name =~ "ARM*#0" && jtag_cable_name =~ "Digilent Zybo Z7 210351A77C7AA"} -index 0
con
----------------End of Script----------------

21:04:40 INFO  : Launch script is exported to file 'D:\micropc_project1\our_project2\our_project2.sdk\.sdk\launch_scripts\xilinx_c-c++_application_(system_debugger)\system_debugger_using_debug_our_project2.elf_on_local.tcl'
21:26:15 INFO  : Disconnected from the channel tcfchan#3.
07:47:52 INFO  : Registering command handlers for SDK TCF services
07:47:53 INFO  : Launching XSCT server: xsct.bat -interactive D:\micropc_project1\our_project2\our_project2.sdk\temp_xsdb_launch_script.tcl
07:47:58 INFO  : XSCT server has started successfully.
07:47:58 INFO  : Successfully done setting XSCT server connection channel  
07:48:02 INFO  : Successfully done setting SDK workspace  
07:48:02 INFO  : Processing command line option -hwspec D:/micropc_project1/our_project2/our_project2.sdk/design_1_wrapper.hdf.
07:48:02 INFO  : Checking for hwspec changes in the project design_1_wrapper_hw_platform_0.
07:49:24 INFO  : Connected to target on host '127.0.0.1' and port '3121'.
07:49:26 INFO  : 'targets -set -filter {jtag_cable_name =~ "Digilent Zybo Z7 210351A6C7D8A" && level==0} -index 1' command is executed.
07:49:27 INFO  : FPGA configured successfully with bitstream "D:/micropc_project1/our_project2/our_project2.sdk/design_1_wrapper_hw_platform_0/design_1_wrapper.bit"
07:49:41 INFO  : 'targets -set -filter {jtag_cable_name =~ "Digilent Zybo Z7 210351A6C7D8A" && level==0} -index 1' command is executed.
07:49:41 INFO  : 'fpga -state' command is executed.
07:49:41 INFO  : Connected to target on host '127.0.0.1' and port '3121'.
07:49:41 INFO  : Jtag cable 'Digilent Zybo Z7 210351A6C7D8A' is selected.
07:49:41 INFO  : 'jtag frequency' command is executed.
07:49:41 INFO  : Sourcing of 'D:/micropc_project1/our_project2/our_project2.sdk/design_1_wrapper_hw_platform_0/ps7_init.tcl' is done.
07:49:41 INFO  : Context for 'APU' is selected.
07:49:41 INFO  : Hardware design information is loaded from 'D:/micropc_project1/our_project2/our_project2.sdk/design_1_wrapper_hw_platform_0/system.hdf'.
07:49:41 INFO  : 'configparams force-mem-access 1' command is executed.
07:49:41 INFO  : Context for 'APU' is selected.
07:49:41 INFO  : 'stop' command is executed.
07:49:42 INFO  : 'ps7_init' command is executed.
07:49:42 INFO  : 'ps7_post_config' command is executed.
07:49:42 INFO  : Context for processor 'ps7_cortexa9_0' is selected.
07:49:42 INFO  : Processor reset is completed for 'ps7_cortexa9_0'.
07:49:42 INFO  : Context for processor 'ps7_cortexa9_0' is selected.
07:49:42 INFO  : The application 'D:/micropc_project1/our_project2/our_project2.sdk/our_project2/Debug/our_project2.elf' is downloaded to processor 'ps7_cortexa9_0'.
07:49:42 INFO  : 'configparams force-mem-access 0' command is executed.
07:49:42 INFO  : ----------------XSDB Script----------------
connect -url tcp:127.0.0.1:3121
source D:/micropc_project1/our_project2/our_project2.sdk/design_1_wrapper_hw_platform_0/ps7_init.tcl
targets -set -nocase -filter {name =~"APU*" && jtag_cable_name =~ "Digilent Zybo Z7 210351A6C7D8A"} -index 0
loadhw -hw D:/micropc_project1/our_project2/our_project2.sdk/design_1_wrapper_hw_platform_0/system.hdf -mem-ranges [list {0x40000000 0xbfffffff}]
configparams force-mem-access 1
targets -set -nocase -filter {name =~"APU*" && jtag_cable_name =~ "Digilent Zybo Z7 210351A6C7D8A"} -index 0
stop
ps7_init
ps7_post_config
targets -set -nocase -filter {name =~ "ARM*#0" && jtag_cable_name =~ "Digilent Zybo Z7 210351A6C7D8A"} -index 0
rst -processor
targets -set -nocase -filter {name =~ "ARM*#0" && jtag_cable_name =~ "Digilent Zybo Z7 210351A6C7D8A"} -index 0
dow D:/micropc_project1/our_project2/our_project2.sdk/our_project2/Debug/our_project2.elf
configparams force-mem-access 0
----------------End of Script----------------

07:49:42 INFO  : Memory regions updated for context APU
07:49:42 INFO  : Context for processor 'ps7_cortexa9_0' is selected.
07:49:43 INFO  : 'con' command is executed.
07:49:43 INFO  : ----------------XSDB Script (After Launch)----------------
targets -set -nocase -filter {name =~ "ARM*#0" && jtag_cable_name =~ "Digilent Zybo Z7 210351A6C7D8A"} -index 0
con
----------------End of Script----------------

07:49:43 INFO  : Launch script is exported to file 'D:\micropc_project1\our_project2\our_project2.sdk\.sdk\launch_scripts\xilinx_c-c++_application_(system_debugger)\system_debugger_using_debug_our_project2.elf_on_local.tcl'
07:49:56 INFO  : Disconnected from the channel tcfchan#1.
07:49:57 INFO  : 'targets -set -filter {jtag_cable_name =~ "Digilent Zybo Z7 210351A6C7D8A" && level==0} -index 1' command is executed.
07:49:57 INFO  : 'fpga -state' command is executed.
07:49:57 INFO  : Connected to target on host '127.0.0.1' and port '3121'.
07:49:58 INFO  : Jtag cable 'Digilent Zybo Z7 210351A6C7D8A' is selected.
07:49:58 INFO  : 'jtag frequency' command is executed.
07:49:58 INFO  : Sourcing of 'D:/micropc_project1/our_project2/our_project2.sdk/design_1_wrapper_hw_platform_0/ps7_init.tcl' is done.
07:49:58 INFO  : Context for 'APU' is selected.
07:50:01 INFO  : Hardware design information is loaded from 'D:/micropc_project1/our_project2/our_project2.sdk/design_1_wrapper_hw_platform_0/system.hdf'.
07:50:01 INFO  : 'configparams force-mem-access 1' command is executed.
07:50:01 INFO  : Context for 'APU' is selected.
07:50:01 INFO  : 'stop' command is executed.
07:50:01 INFO  : 'ps7_init' command is executed.
07:50:01 INFO  : 'ps7_post_config' command is executed.
07:50:01 INFO  : Context for processor 'ps7_cortexa9_0' is selected.
07:50:01 INFO  : Processor reset is completed for 'ps7_cortexa9_0'.
07:50:01 INFO  : Context for processor 'ps7_cortexa9_0' is selected.
07:50:01 INFO  : The application 'D:/micropc_project1/our_project2/our_project2.sdk/our_project2/Debug/our_project2.elf' is downloaded to processor 'ps7_cortexa9_0'.
07:50:01 INFO  : 'configparams force-mem-access 0' command is executed.
07:50:01 INFO  : ----------------XSDB Script----------------
connect -url tcp:127.0.0.1:3121
source D:/micropc_project1/our_project2/our_project2.sdk/design_1_wrapper_hw_platform_0/ps7_init.tcl
targets -set -nocase -filter {name =~"APU*" && jtag_cable_name =~ "Digilent Zybo Z7 210351A6C7D8A"} -index 0
loadhw -hw D:/micropc_project1/our_project2/our_project2.sdk/design_1_wrapper_hw_platform_0/system.hdf -mem-ranges [list {0x40000000 0xbfffffff}]
configparams force-mem-access 1
targets -set -nocase -filter {name =~"APU*" && jtag_cable_name =~ "Digilent Zybo Z7 210351A6C7D8A"} -index 0
stop
ps7_init
ps7_post_config
targets -set -nocase -filter {name =~ "ARM*#0" && jtag_cable_name =~ "Digilent Zybo Z7 210351A6C7D8A"} -index 0
rst -processor
targets -set -nocase -filter {name =~ "ARM*#0" && jtag_cable_name =~ "Digilent Zybo Z7 210351A6C7D8A"} -index 0
dow D:/micropc_project1/our_project2/our_project2.sdk/our_project2/Debug/our_project2.elf
configparams force-mem-access 0
----------------End of Script----------------

07:50:02 INFO  : Memory regions updated for context APU
07:50:02 INFO  : Context for processor 'ps7_cortexa9_0' is selected.
07:50:02 INFO  : 'con' command is executed.
07:50:02 INFO  : ----------------XSDB Script (After Launch)----------------
targets -set -nocase -filter {name =~ "ARM*#0" && jtag_cable_name =~ "Digilent Zybo Z7 210351A6C7D8A"} -index 0
con
----------------End of Script----------------

07:50:02 INFO  : Launch script is exported to file 'D:\micropc_project1\our_project2\our_project2.sdk\.sdk\launch_scripts\xilinx_c-c++_application_(system_debugger)\system_debugger_using_debug_our_project2.elf_on_local.tcl'
07:50:32 INFO  : Disconnected from the channel tcfchan#2.
07:50:33 INFO  : 'targets -set -filter {jtag_cable_name =~ "Digilent Zybo Z7 210351A6C7D8A" && level==0} -index 1' command is executed.
07:50:33 INFO  : 'fpga -state' command is executed.
07:50:33 INFO  : Connected to target on host '127.0.0.1' and port '3121'.
07:50:33 INFO  : Jtag cable 'Digilent Zybo Z7 210351A6C7D8A' is selected.
07:50:33 INFO  : 'jtag frequency' command is executed.
07:50:33 INFO  : Sourcing of 'D:/micropc_project1/our_project2/our_project2.sdk/design_1_wrapper_hw_platform_0/ps7_init.tcl' is done.
07:50:33 INFO  : Context for 'APU' is selected.
07:50:36 INFO  : Hardware design information is loaded from 'D:/micropc_project1/our_project2/our_project2.sdk/design_1_wrapper_hw_platform_0/system.hdf'.
07:50:36 INFO  : 'configparams force-mem-access 1' command is executed.
07:50:36 INFO  : Context for 'APU' is selected.
07:50:36 INFO  : 'stop' command is executed.
07:50:37 INFO  : 'ps7_init' command is executed.
07:50:37 INFO  : 'ps7_post_config' command is executed.
07:50:37 INFO  : Context for processor 'ps7_cortexa9_0' is selected.
07:50:37 INFO  : Processor reset is completed for 'ps7_cortexa9_0'.
07:50:37 INFO  : Context for processor 'ps7_cortexa9_0' is selected.
07:50:37 INFO  : The application 'D:/micropc_project1/our_project2/our_project2.sdk/our_project2/Debug/our_project2.elf' is downloaded to processor 'ps7_cortexa9_0'.
07:50:37 INFO  : 'configparams force-mem-access 0' command is executed.
07:50:37 INFO  : ----------------XSDB Script----------------
connect -url tcp:127.0.0.1:3121
source D:/micropc_project1/our_project2/our_project2.sdk/design_1_wrapper_hw_platform_0/ps7_init.tcl
targets -set -nocase -filter {name =~"APU*" && jtag_cable_name =~ "Digilent Zybo Z7 210351A6C7D8A"} -index 0
loadhw -hw D:/micropc_project1/our_project2/our_project2.sdk/design_1_wrapper_hw_platform_0/system.hdf -mem-ranges [list {0x40000000 0xbfffffff}]
configparams force-mem-access 1
targets -set -nocase -filter {name =~"APU*" && jtag_cable_name =~ "Digilent Zybo Z7 210351A6C7D8A"} -index 0
stop
ps7_init
ps7_post_config
targets -set -nocase -filter {name =~ "ARM*#0" && jtag_cable_name =~ "Digilent Zybo Z7 210351A6C7D8A"} -index 0
rst -processor
targets -set -nocase -filter {name =~ "ARM*#0" && jtag_cable_name =~ "Digilent Zybo Z7 210351A6C7D8A"} -index 0
dow D:/micropc_project1/our_project2/our_project2.sdk/our_project2/Debug/our_project2.elf
configparams force-mem-access 0
----------------End of Script----------------

07:50:37 INFO  : Memory regions updated for context APU
07:50:37 INFO  : Context for processor 'ps7_cortexa9_0' is selected.
07:50:37 INFO  : 'con' command is executed.
07:50:37 INFO  : ----------------XSDB Script (After Launch)----------------
targets -set -nocase -filter {name =~ "ARM*#0" && jtag_cable_name =~ "Digilent Zybo Z7 210351A6C7D8A"} -index 0
con
----------------End of Script----------------

07:50:37 INFO  : Launch script is exported to file 'D:\micropc_project1\our_project2\our_project2.sdk\.sdk\launch_scripts\xilinx_c-c++_application_(system_debugger)\system_debugger_using_debug_our_project2.elf_on_local.tcl'
07:51:17 INFO  : Disconnected from the channel tcfchan#3.
07:51:18 INFO  : 'targets -set -filter {jtag_cable_name =~ "Digilent Zybo Z7 210351A6C7D8A" && level==0} -index 1' command is executed.
07:51:18 INFO  : 'fpga -state' command is executed.
07:51:18 INFO  : Connected to target on host '127.0.0.1' and port '3121'.
07:51:18 INFO  : Jtag cable 'Digilent Zybo Z7 210351A6C7D8A' is selected.
07:51:18 INFO  : 'jtag frequency' command is executed.
07:51:18 INFO  : Sourcing of 'D:/micropc_project1/our_project2/our_project2.sdk/design_1_wrapper_hw_platform_0/ps7_init.tcl' is done.
07:51:18 INFO  : Context for 'APU' is selected.
07:51:21 INFO  : Hardware design information is loaded from 'D:/micropc_project1/our_project2/our_project2.sdk/design_1_wrapper_hw_platform_0/system.hdf'.
07:51:21 INFO  : 'configparams force-mem-access 1' command is executed.
07:51:21 INFO  : Context for 'APU' is selected.
07:51:21 INFO  : 'stop' command is executed.
07:51:22 INFO  : 'ps7_init' command is executed.
07:51:22 INFO  : 'ps7_post_config' command is executed.
07:51:22 INFO  : Context for processor 'ps7_cortexa9_0' is selected.
07:51:22 INFO  : Processor reset is completed for 'ps7_cortexa9_0'.
07:51:22 INFO  : Context for processor 'ps7_cortexa9_0' is selected.
07:51:22 INFO  : The application 'D:/micropc_project1/our_project2/our_project2.sdk/our_project2/Debug/our_project2.elf' is downloaded to processor 'ps7_cortexa9_0'.
07:51:22 INFO  : 'configparams force-mem-access 0' command is executed.
07:51:22 INFO  : ----------------XSDB Script----------------
connect -url tcp:127.0.0.1:3121
source D:/micropc_project1/our_project2/our_project2.sdk/design_1_wrapper_hw_platform_0/ps7_init.tcl
targets -set -nocase -filter {name =~"APU*" && jtag_cable_name =~ "Digilent Zybo Z7 210351A6C7D8A"} -index 0
loadhw -hw D:/micropc_project1/our_project2/our_project2.sdk/design_1_wrapper_hw_platform_0/system.hdf -mem-ranges [list {0x40000000 0xbfffffff}]
configparams force-mem-access 1
targets -set -nocase -filter {name =~"APU*" && jtag_cable_name =~ "Digilent Zybo Z7 210351A6C7D8A"} -index 0
stop
ps7_init
ps7_post_config
targets -set -nocase -filter {name =~ "ARM*#0" && jtag_cable_name =~ "Digilent Zybo Z7 210351A6C7D8A"} -index 0
rst -processor
targets -set -nocase -filter {name =~ "ARM*#0" && jtag_cable_name =~ "Digilent Zybo Z7 210351A6C7D8A"} -index 0
dow D:/micropc_project1/our_project2/our_project2.sdk/our_project2/Debug/our_project2.elf
configparams force-mem-access 0
----------------End of Script----------------

07:51:22 INFO  : Memory regions updated for context APU
07:51:22 INFO  : Context for processor 'ps7_cortexa9_0' is selected.
07:51:22 INFO  : 'con' command is executed.
07:51:22 INFO  : ----------------XSDB Script (After Launch)----------------
targets -set -nocase -filter {name =~ "ARM*#0" && jtag_cable_name =~ "Digilent Zybo Z7 210351A6C7D8A"} -index 0
con
----------------End of Script----------------

07:51:22 INFO  : Launch script is exported to file 'D:\micropc_project1\our_project2\our_project2.sdk\.sdk\launch_scripts\xilinx_c-c++_application_(system_debugger)\system_debugger_using_debug_our_project2.elf_on_local.tcl'
07:51:43 INFO  : Disconnected from the channel tcfchan#4.
07:51:44 INFO  : 'targets -set -filter {jtag_cable_name =~ "Digilent Zybo Z7 210351A6C7D8A" && level==0} -index 1' command is executed.
07:51:44 INFO  : 'fpga -state' command is executed.
07:51:44 INFO  : Connected to target on host '127.0.0.1' and port '3121'.
07:51:45 INFO  : Jtag cable 'Digilent Zybo Z7 210351A6C7D8A' is selected.
07:51:45 INFO  : 'jtag frequency' command is executed.
07:51:45 INFO  : Sourcing of 'D:/micropc_project1/our_project2/our_project2.sdk/design_1_wrapper_hw_platform_0/ps7_init.tcl' is done.
07:51:45 INFO  : Context for 'APU' is selected.
07:51:47 INFO  : Hardware design information is loaded from 'D:/micropc_project1/our_project2/our_project2.sdk/design_1_wrapper_hw_platform_0/system.hdf'.
07:51:47 INFO  : 'configparams force-mem-access 1' command is executed.
07:51:47 INFO  : Context for 'APU' is selected.
07:51:47 INFO  : 'stop' command is executed.
07:51:48 INFO  : 'ps7_init' command is executed.
07:51:48 INFO  : 'ps7_post_config' command is executed.
07:51:48 INFO  : Context for processor 'ps7_cortexa9_0' is selected.
07:51:48 INFO  : Processor reset is completed for 'ps7_cortexa9_0'.
07:51:48 INFO  : Context for processor 'ps7_cortexa9_0' is selected.
07:51:48 INFO  : The application 'D:/micropc_project1/our_project2/our_project2.sdk/our_project2/Debug/our_project2.elf' is downloaded to processor 'ps7_cortexa9_0'.
07:51:48 INFO  : 'configparams force-mem-access 0' command is executed.
07:51:48 INFO  : ----------------XSDB Script----------------
connect -url tcp:127.0.0.1:3121
source D:/micropc_project1/our_project2/our_project2.sdk/design_1_wrapper_hw_platform_0/ps7_init.tcl
targets -set -nocase -filter {name =~"APU*" && jtag_cable_name =~ "Digilent Zybo Z7 210351A6C7D8A"} -index 0
loadhw -hw D:/micropc_project1/our_project2/our_project2.sdk/design_1_wrapper_hw_platform_0/system.hdf -mem-ranges [list {0x40000000 0xbfffffff}]
configparams force-mem-access 1
targets -set -nocase -filter {name =~"APU*" && jtag_cable_name =~ "Digilent Zybo Z7 210351A6C7D8A"} -index 0
stop
ps7_init
ps7_post_config
targets -set -nocase -filter {name =~ "ARM*#0" && jtag_cable_name =~ "Digilent Zybo Z7 210351A6C7D8A"} -index 0
rst -processor
targets -set -nocase -filter {name =~ "ARM*#0" && jtag_cable_name =~ "Digilent Zybo Z7 210351A6C7D8A"} -index 0
dow D:/micropc_project1/our_project2/our_project2.sdk/our_project2/Debug/our_project2.elf
configparams force-mem-access 0
----------------End of Script----------------

07:51:48 INFO  : Memory regions updated for context APU
07:51:48 INFO  : Context for processor 'ps7_cortexa9_0' is selected.
07:51:48 INFO  : 'con' command is executed.
07:51:48 INFO  : ----------------XSDB Script (After Launch)----------------
targets -set -nocase -filter {name =~ "ARM*#0" && jtag_cable_name =~ "Digilent Zybo Z7 210351A6C7D8A"} -index 0
con
----------------End of Script----------------

07:51:48 INFO  : Launch script is exported to file 'D:\micropc_project1\our_project2\our_project2.sdk\.sdk\launch_scripts\xilinx_c-c++_application_(system_debugger)\system_debugger_using_debug_our_project2.elf_on_local.tcl'
07:52:10 INFO  : Disconnected from the channel tcfchan#5.
07:52:11 INFO  : 'targets -set -filter {jtag_cable_name =~ "Digilent Zybo Z7 210351A6C7D8A" && level==0} -index 1' command is executed.
07:52:11 INFO  : 'fpga -state' command is executed.
07:52:11 INFO  : Connected to target on host '127.0.0.1' and port '3121'.
07:52:11 INFO  : Jtag cable 'Digilent Zybo Z7 210351A6C7D8A' is selected.
07:52:11 INFO  : 'jtag frequency' command is executed.
07:52:11 INFO  : Sourcing of 'D:/micropc_project1/our_project2/our_project2.sdk/design_1_wrapper_hw_platform_0/ps7_init.tcl' is done.
07:52:11 INFO  : Context for 'APU' is selected.
07:52:14 INFO  : Hardware design information is loaded from 'D:/micropc_project1/our_project2/our_project2.sdk/design_1_wrapper_hw_platform_0/system.hdf'.
07:52:14 INFO  : 'configparams force-mem-access 1' command is executed.
07:52:14 INFO  : Context for 'APU' is selected.
07:52:14 INFO  : 'stop' command is executed.
07:52:15 INFO  : 'ps7_init' command is executed.
07:52:15 INFO  : 'ps7_post_config' command is executed.
07:52:15 INFO  : Context for processor 'ps7_cortexa9_0' is selected.
07:52:15 INFO  : Processor reset is completed for 'ps7_cortexa9_0'.
07:52:15 INFO  : Context for processor 'ps7_cortexa9_0' is selected.
07:52:15 INFO  : The application 'D:/micropc_project1/our_project2/our_project2.sdk/our_project2/Debug/our_project2.elf' is downloaded to processor 'ps7_cortexa9_0'.
07:52:15 INFO  : 'configparams force-mem-access 0' command is executed.
07:52:15 INFO  : ----------------XSDB Script----------------
connect -url tcp:127.0.0.1:3121
source D:/micropc_project1/our_project2/our_project2.sdk/design_1_wrapper_hw_platform_0/ps7_init.tcl
targets -set -nocase -filter {name =~"APU*" && jtag_cable_name =~ "Digilent Zybo Z7 210351A6C7D8A"} -index 0
loadhw -hw D:/micropc_project1/our_project2/our_project2.sdk/design_1_wrapper_hw_platform_0/system.hdf -mem-ranges [list {0x40000000 0xbfffffff}]
configparams force-mem-access 1
targets -set -nocase -filter {name =~"APU*" && jtag_cable_name =~ "Digilent Zybo Z7 210351A6C7D8A"} -index 0
stop
ps7_init
ps7_post_config
targets -set -nocase -filter {name =~ "ARM*#0" && jtag_cable_name =~ "Digilent Zybo Z7 210351A6C7D8A"} -index 0
rst -processor
targets -set -nocase -filter {name =~ "ARM*#0" && jtag_cable_name =~ "Digilent Zybo Z7 210351A6C7D8A"} -index 0
dow D:/micropc_project1/our_project2/our_project2.sdk/our_project2/Debug/our_project2.elf
configparams force-mem-access 0
----------------End of Script----------------

07:52:15 INFO  : Memory regions updated for context APU
07:52:15 INFO  : Context for processor 'ps7_cortexa9_0' is selected.
07:52:15 INFO  : 'con' command is executed.
07:52:15 INFO  : ----------------XSDB Script (After Launch)----------------
targets -set -nocase -filter {name =~ "ARM*#0" && jtag_cable_name =~ "Digilent Zybo Z7 210351A6C7D8A"} -index 0
con
----------------End of Script----------------

07:52:15 INFO  : Launch script is exported to file 'D:\micropc_project1\our_project2\our_project2.sdk\.sdk\launch_scripts\xilinx_c-c++_application_(system_debugger)\system_debugger_using_debug_our_project2.elf_on_local.tcl'
09:32:49 INFO  : Connected to target on host '127.0.0.1' and port '3121'.
09:32:49 INFO  : 'targets -set -filter {jtag_cable_name =~ "Digilent Zybo Z7 210351A6C7D8A" && level==0} -index 1' command is executed.
09:32:51 INFO  : FPGA configured successfully with bitstream "D:/micropc_project1/our_project2/our_project2.sdk/design_1_wrapper_hw_platform_0/design_1_wrapper.bit"
09:33:06 INFO  : Disconnected from the channel tcfchan#6.
09:33:07 INFO  : 'targets -set -filter {jtag_cable_name =~ "Digilent Zybo Z7 210351A6C7D8A" && level==0} -index 1' command is executed.
09:33:07 INFO  : 'fpga -state' command is executed.
09:33:07 INFO  : Connected to target on host '127.0.0.1' and port '3121'.
09:33:07 INFO  : Jtag cable 'Digilent Zybo Z7 210351A6C7D8A' is selected.
09:33:07 INFO  : 'jtag frequency' command is executed.
09:33:07 INFO  : Sourcing of 'D:/micropc_project1/our_project2/our_project2.sdk/design_1_wrapper_hw_platform_0/ps7_init.tcl' is done.
09:33:07 INFO  : Context for 'APU' is selected.
09:33:10 INFO  : Hardware design information is loaded from 'D:/micropc_project1/our_project2/our_project2.sdk/design_1_wrapper_hw_platform_0/system.hdf'.
09:33:10 INFO  : 'configparams force-mem-access 1' command is executed.
09:33:10 INFO  : Context for 'APU' is selected.
09:33:10 INFO  : 'stop' command is executed.
09:33:11 INFO  : 'ps7_init' command is executed.
09:33:11 INFO  : 'ps7_post_config' command is executed.
09:33:11 INFO  : Context for processor 'ps7_cortexa9_0' is selected.
09:33:11 INFO  : Processor reset is completed for 'ps7_cortexa9_0'.
09:33:11 INFO  : Context for processor 'ps7_cortexa9_0' is selected.
09:33:11 INFO  : The application 'D:/micropc_project1/our_project2/our_project2.sdk/our_project2/Debug/our_project2.elf' is downloaded to processor 'ps7_cortexa9_0'.
09:33:11 INFO  : 'configparams force-mem-access 0' command is executed.
09:33:11 INFO  : ----------------XSDB Script----------------
connect -url tcp:127.0.0.1:3121
source D:/micropc_project1/our_project2/our_project2.sdk/design_1_wrapper_hw_platform_0/ps7_init.tcl
targets -set -nocase -filter {name =~"APU*" && jtag_cable_name =~ "Digilent Zybo Z7 210351A6C7D8A"} -index 0
loadhw -hw D:/micropc_project1/our_project2/our_project2.sdk/design_1_wrapper_hw_platform_0/system.hdf -mem-ranges [list {0x40000000 0xbfffffff}]
configparams force-mem-access 1
targets -set -nocase -filter {name =~"APU*" && jtag_cable_name =~ "Digilent Zybo Z7 210351A6C7D8A"} -index 0
stop
ps7_init
ps7_post_config
targets -set -nocase -filter {name =~ "ARM*#0" && jtag_cable_name =~ "Digilent Zybo Z7 210351A6C7D8A"} -index 0
rst -processor
targets -set -nocase -filter {name =~ "ARM*#0" && jtag_cable_name =~ "Digilent Zybo Z7 210351A6C7D8A"} -index 0
dow D:/micropc_project1/our_project2/our_project2.sdk/our_project2/Debug/our_project2.elf
configparams force-mem-access 0
----------------End of Script----------------

09:33:11 INFO  : Memory regions updated for context APU
09:33:11 INFO  : Context for processor 'ps7_cortexa9_0' is selected.
09:33:11 INFO  : 'con' command is executed.
09:33:11 INFO  : ----------------XSDB Script (After Launch)----------------
targets -set -nocase -filter {name =~ "ARM*#0" && jtag_cable_name =~ "Digilent Zybo Z7 210351A6C7D8A"} -index 0
con
----------------End of Script----------------

09:33:11 INFO  : Launch script is exported to file 'D:\micropc_project1\our_project2\our_project2.sdk\.sdk\launch_scripts\xilinx_c-c++_application_(system_debugger)\system_debugger_using_debug_our_project2.elf_on_local.tcl'
09:33:25 INFO  : Disconnected from the channel tcfchan#7.
09:33:26 INFO  : 'targets -set -filter {jtag_cable_name =~ "Digilent Zybo Z7 210351A6C7D8A" && level==0} -index 1' command is executed.
09:33:26 INFO  : 'fpga -state' command is executed.
09:33:26 INFO  : Connected to target on host '127.0.0.1' and port '3121'.
09:33:26 INFO  : Jtag cable 'Digilent Zybo Z7 210351A6C7D8A' is selected.
09:33:26 INFO  : 'jtag frequency' command is executed.
09:33:26 INFO  : Sourcing of 'D:/micropc_project1/our_project2/our_project2.sdk/design_1_wrapper_hw_platform_0/ps7_init.tcl' is done.
09:33:26 INFO  : Context for 'APU' is selected.
09:33:28 INFO  : Hardware design information is loaded from 'D:/micropc_project1/our_project2/our_project2.sdk/design_1_wrapper_hw_platform_0/system.hdf'.
09:33:28 INFO  : 'configparams force-mem-access 1' command is executed.
09:33:28 INFO  : Context for 'APU' is selected.
09:33:28 INFO  : 'stop' command is executed.
09:33:29 INFO  : 'ps7_init' command is executed.
09:33:29 INFO  : 'ps7_post_config' command is executed.
09:33:29 INFO  : Context for processor 'ps7_cortexa9_0' is selected.
09:33:29 INFO  : Processor reset is completed for 'ps7_cortexa9_0'.
09:33:29 INFO  : Context for processor 'ps7_cortexa9_0' is selected.
09:33:29 INFO  : The application 'D:/micropc_project1/our_project2/our_project2.sdk/our_project2/Debug/our_project2.elf' is downloaded to processor 'ps7_cortexa9_0'.
09:33:29 INFO  : 'configparams force-mem-access 0' command is executed.
09:33:29 INFO  : ----------------XSDB Script----------------
connect -url tcp:127.0.0.1:3121
source D:/micropc_project1/our_project2/our_project2.sdk/design_1_wrapper_hw_platform_0/ps7_init.tcl
targets -set -nocase -filter {name =~"APU*" && jtag_cable_name =~ "Digilent Zybo Z7 210351A6C7D8A"} -index 0
loadhw -hw D:/micropc_project1/our_project2/our_project2.sdk/design_1_wrapper_hw_platform_0/system.hdf -mem-ranges [list {0x40000000 0xbfffffff}]
configparams force-mem-access 1
targets -set -nocase -filter {name =~"APU*" && jtag_cable_name =~ "Digilent Zybo Z7 210351A6C7D8A"} -index 0
stop
ps7_init
ps7_post_config
targets -set -nocase -filter {name =~ "ARM*#0" && jtag_cable_name =~ "Digilent Zybo Z7 210351A6C7D8A"} -index 0
rst -processor
targets -set -nocase -filter {name =~ "ARM*#0" && jtag_cable_name =~ "Digilent Zybo Z7 210351A6C7D8A"} -index 0
dow D:/micropc_project1/our_project2/our_project2.sdk/our_project2/Debug/our_project2.elf
configparams force-mem-access 0
----------------End of Script----------------

09:33:29 INFO  : Memory regions updated for context APU
09:33:29 INFO  : Context for processor 'ps7_cortexa9_0' is selected.
09:33:29 INFO  : 'con' command is executed.
09:33:29 INFO  : ----------------XSDB Script (After Launch)----------------
targets -set -nocase -filter {name =~ "ARM*#0" && jtag_cable_name =~ "Digilent Zybo Z7 210351A6C7D8A"} -index 0
con
----------------End of Script----------------

09:33:29 INFO  : Launch script is exported to file 'D:\micropc_project1\our_project2\our_project2.sdk\.sdk\launch_scripts\xilinx_c-c++_application_(system_debugger)\system_debugger_using_debug_our_project2.elf_on_local.tcl'
10:53:26 INFO  : Disconnected from the channel tcfchan#8.
