
*** Running vivado
    with args -log design_1_axi_register_1_0_0.vds -m64 -product Vivado -mode batch -messageDb vivado.pb -notrace -source design_1_axi_register_1_0_0.tcl


****** Vivado v2017.4 (64-bit)
  **** SW Build 2086221 on Fri Dec 15 20:55:39 MST 2017
  **** IP Build 2085800 on Fri Dec 15 22:25:07 MST 2017
    ** Copyright 1986-2017 Xilinx, Inc. All Rights Reserved.

source design_1_axi_register_1_0_0.tcl -notrace
Command: synth_design -top design_1_axi_register_1_0_0 -part xc7z010clg400-1 -mode out_of_context
Starting synth_design
Attempting to get a license for feature 'Synthesis' and/or device 'xc7z010'
INFO: [Common 17-349] Got license for feature 'Synthesis' and/or device 'xc7z010'
INFO: Launching helper process for spawning children vivado processes
INFO: Helper process launched with PID 10728 
---------------------------------------------------------------------------------
Starting RTL Elaboration : Time (s): cpu = 00:00:07 ; elapsed = 00:00:07 . Memory (MB): peak = 372.141 ; gain = 99.953
---------------------------------------------------------------------------------
INFO: [Synth 8-638] synthesizing module 'design_1_axi_register_1_0_0' [d:/micropc_project1/our_project2/our_project2.srcs/sources_1/bd/design_1/ip/design_1_axi_register_1_0_0/synth/design_1_axi_register_1_0_0.v:57]
INFO: [Synth 8-638] synthesizing module 'axi_register_1_v1_0' [d:/micropc_project1/our_project2/our_project2.srcs/sources_1/bd/design_1/ipshared/6b74/hdl/axi_register_1_v1_0.v:4]
	Parameter C_S00_AXI_DATA_WIDTH bound to: 32 - type: integer 
	Parameter C_S00_AXI_ADDR_WIDTH bound to: 5 - type: integer 
INFO: [Synth 8-638] synthesizing module 'axi_register_1_v1_0_S00_AXI' [d:/micropc_project1/our_project2/our_project2.srcs/sources_1/bd/design_1/ipshared/6b74/hdl/axi_register_1_v1_0_S00_AXI.v:4]
	Parameter C_S_AXI_DATA_WIDTH bound to: 32 - type: integer 
	Parameter C_S_AXI_ADDR_WIDTH bound to: 5 - type: integer 
	Parameter ADDR_LSB bound to: 2 - type: integer 
	Parameter OPT_MEM_ADDR_BITS bound to: 2 - type: integer 
INFO: [Synth 8-226] default block is never used [d:/micropc_project1/our_project2/our_project2.srcs/sources_1/bd/design_1/ipshared/6b74/hdl/axi_register_1_v1_0_S00_AXI.v:250]
INFO: [Synth 8-226] default block is never used [d:/micropc_project1/our_project2/our_project2.srcs/sources_1/bd/design_1/ipshared/6b74/hdl/axi_register_1_v1_0_S00_AXI.v:423]
INFO: [Synth 8-256] done synthesizing module 'axi_register_1_v1_0_S00_AXI' (1#1) [d:/micropc_project1/our_project2/our_project2.srcs/sources_1/bd/design_1/ipshared/6b74/hdl/axi_register_1_v1_0_S00_AXI.v:4]
INFO: [Synth 8-256] done synthesizing module 'axi_register_1_v1_0' (2#1) [d:/micropc_project1/our_project2/our_project2.srcs/sources_1/bd/design_1/ipshared/6b74/hdl/axi_register_1_v1_0.v:4]
INFO: [Synth 8-256] done synthesizing module 'design_1_axi_register_1_0_0' (3#1) [d:/micropc_project1/our_project2/our_project2.srcs/sources_1/bd/design_1/ip/design_1_axi_register_1_0_0/synth/design_1_axi_register_1_0_0.v:57]
WARNING: [Synth 8-3331] design axi_register_1_v1_0_S00_AXI has unconnected port S_AXI_AWPROT[2]
WARNING: [Synth 8-3331] design axi_register_1_v1_0_S00_AXI has unconnected port S_AXI_AWPROT[1]
WARNING: [Synth 8-3331] design axi_register_1_v1_0_S00_AXI has unconnected port S_AXI_AWPROT[0]
WARNING: [Synth 8-3331] design axi_register_1_v1_0_S00_AXI has unconnected port S_AXI_ARPROT[2]
WARNING: [Synth 8-3331] design axi_register_1_v1_0_S00_AXI has unconnected port S_AXI_ARPROT[1]
WARNING: [Synth 8-3331] design axi_register_1_v1_0_S00_AXI has unconnected port S_AXI_ARPROT[0]
---------------------------------------------------------------------------------
Finished RTL Elaboration : Time (s): cpu = 00:00:08 ; elapsed = 00:00:09 . Memory (MB): peak = 424.359 ; gain = 152.172
---------------------------------------------------------------------------------

Report Check Netlist: 
+------+------------------+-------+---------+-------+------------------+
|      |Item              |Errors |Warnings |Status |Description       |
+------+------------------+-------+---------+-------+------------------+
|1     |multi_driven_nets |      0|        0|Passed |Multi driven nets |
+------+------------------+-------+---------+-------+------------------+
---------------------------------------------------------------------------------
Finished RTL Optimization Phase 1 : Time (s): cpu = 00:00:08 ; elapsed = 00:00:09 . Memory (MB): peak = 424.359 ; gain = 152.172
---------------------------------------------------------------------------------
INFO: [Device 21-403] Loading part xc7z010clg400-1
INFO: [Project 1-570] Preparing netlist for logic optimization

Processing XDC Constraints
Initializing timing engine
Completed Processing XDC Constraints

INFO: [Project 1-111] Unisim Transformation Summary:
No Unisim elements were transformed.

Constraint Validation Runtime : Time (s): cpu = 00:00:00 ; elapsed = 00:00:00.053 . Memory (MB): peak = 747.262 ; gain = 0.000
---------------------------------------------------------------------------------
Finished Constraint Validation : Time (s): cpu = 00:00:23 ; elapsed = 00:00:25 . Memory (MB): peak = 747.262 ; gain = 475.074
---------------------------------------------------------------------------------
---------------------------------------------------------------------------------
Start Loading Part and Timing Information
---------------------------------------------------------------------------------
Loading part: xc7z010clg400-1
---------------------------------------------------------------------------------
Finished Loading Part and Timing Information : Time (s): cpu = 00:00:23 ; elapsed = 00:00:25 . Memory (MB): peak = 747.262 ; gain = 475.074
---------------------------------------------------------------------------------
---------------------------------------------------------------------------------
Start Applying 'set_property' XDC Constraints
---------------------------------------------------------------------------------
---------------------------------------------------------------------------------
Finished applying 'set_property' XDC Constraints : Time (s): cpu = 00:00:23 ; elapsed = 00:00:25 . Memory (MB): peak = 747.262 ; gain = 475.074
---------------------------------------------------------------------------------
INFO: [Synth 8-5545] ROM "rst_cout" won't be mapped to RAM because address size (32) is larger than maximum supported(25)
---------------------------------------------------------------------------------
Finished RTL Optimization Phase 2 : Time (s): cpu = 00:00:23 ; elapsed = 00:00:26 . Memory (MB): peak = 747.262 ; gain = 475.074
---------------------------------------------------------------------------------

Report RTL Partitions: 
+-+--------------+------------+----------+
| |RTL Partition |Replication |Instances |
+-+--------------+------------+----------+
+-+--------------+------------+----------+
---------------------------------------------------------------------------------
Start RTL Component Statistics 
---------------------------------------------------------------------------------
Detailed RTL Component Info : 
+---Registers : 
	               32 Bit    Registers := 9     
	               16 Bit    Registers := 4     
	               10 Bit    Registers := 2     
	                5 Bit    Registers := 2     
	                2 Bit    Registers := 2     
	                1 Bit    Registers := 7     
+---Muxes : 
	   2 Input     32 Bit        Muxes := 8     
	   8 Input     32 Bit        Muxes := 8     
	   2 Input      1 Bit        Muxes := 6     
---------------------------------------------------------------------------------
Finished RTL Component Statistics 
---------------------------------------------------------------------------------
---------------------------------------------------------------------------------
Start RTL Hierarchical Component Statistics 
---------------------------------------------------------------------------------
Hierarchical RTL Component report 
Module axi_register_1_v1_0_S00_AXI 
Detailed RTL Component Info : 
+---Registers : 
	               32 Bit    Registers := 9     
	               16 Bit    Registers := 4     
	               10 Bit    Registers := 2     
	                5 Bit    Registers := 2     
	                2 Bit    Registers := 2     
	                1 Bit    Registers := 7     
+---Muxes : 
	   2 Input     32 Bit        Muxes := 8     
	   8 Input     32 Bit        Muxes := 8     
	   2 Input      1 Bit        Muxes := 6     
---------------------------------------------------------------------------------
Finished RTL Hierarchical Component Statistics
---------------------------------------------------------------------------------
---------------------------------------------------------------------------------
Start Part Resource Summary
---------------------------------------------------------------------------------
Part Resources:
DSPs: 80 (col length:40)
BRAMs: 120 (col length: RAMB18 40 RAMB36 20)
---------------------------------------------------------------------------------
Finished Part Resource Summary
---------------------------------------------------------------------------------
---------------------------------------------------------------------------------
Start Cross Boundary and Area Optimization
---------------------------------------------------------------------------------
INFO: [Synth 8-5545] ROM "inst/axi_register_1_v1_0_S00_AXI_inst/rst_cout" won't be mapped to RAM because address size (32) is larger than maximum supported(25)
WARNING: [Synth 8-3331] design design_1_axi_register_1_0_0 has unconnected port s00_axi_awprot[2]
WARNING: [Synth 8-3331] design design_1_axi_register_1_0_0 has unconnected port s00_axi_awprot[1]
WARNING: [Synth 8-3331] design design_1_axi_register_1_0_0 has unconnected port s00_axi_awprot[0]
WARNING: [Synth 8-3331] design design_1_axi_register_1_0_0 has unconnected port s00_axi_arprot[2]
WARNING: [Synth 8-3331] design design_1_axi_register_1_0_0 has unconnected port s00_axi_arprot[1]
WARNING: [Synth 8-3331] design design_1_axi_register_1_0_0 has unconnected port s00_axi_arprot[0]
INFO: [Synth 8-3886] merging instance 'inst/axi_register_1_v1_0_S00_AXI_inst/axi_rresp_reg[0]' (FDRE) to 'inst/axi_register_1_v1_0_S00_AXI_inst/axi_rresp_reg[1]'
INFO: [Synth 8-3333] propagating constant 0 across sequential element (\inst/axi_register_1_v1_0_S00_AXI_inst/axi_rresp_reg[1] )
INFO: [Synth 8-3886] merging instance 'inst/axi_register_1_v1_0_S00_AXI_inst/axi_bresp_reg[0]' (FDRE) to 'inst/axi_register_1_v1_0_S00_AXI_inst/axi_bresp_reg[1]'
INFO: [Synth 8-3333] propagating constant 0 across sequential element (\inst/axi_register_1_v1_0_S00_AXI_inst/axi_bresp_reg[1] )
INFO: [Synth 8-3332] Sequential element (inst/axi_register_1_v1_0_S00_AXI_inst/axi_awaddr_reg[1]) is unused and will be removed from module design_1_axi_register_1_0_0.
INFO: [Synth 8-3332] Sequential element (inst/axi_register_1_v1_0_S00_AXI_inst/axi_awaddr_reg[0]) is unused and will be removed from module design_1_axi_register_1_0_0.
INFO: [Synth 8-3332] Sequential element (inst/axi_register_1_v1_0_S00_AXI_inst/axi_bresp_reg[1]) is unused and will be removed from module design_1_axi_register_1_0_0.
INFO: [Synth 8-3332] Sequential element (inst/axi_register_1_v1_0_S00_AXI_inst/axi_araddr_reg[1]) is unused and will be removed from module design_1_axi_register_1_0_0.
INFO: [Synth 8-3332] Sequential element (inst/axi_register_1_v1_0_S00_AXI_inst/axi_araddr_reg[0]) is unused and will be removed from module design_1_axi_register_1_0_0.
INFO: [Synth 8-3332] Sequential element (inst/axi_register_1_v1_0_S00_AXI_inst/axi_rresp_reg[1]) is unused and will be removed from module design_1_axi_register_1_0_0.
---------------------------------------------------------------------------------
Finished Cross Boundary and Area Optimization : Time (s): cpu = 00:00:25 ; elapsed = 00:00:27 . Memory (MB): peak = 747.262 ; gain = 475.074
---------------------------------------------------------------------------------

Report RTL Partitions: 
+-+--------------+------------+----------+
| |RTL Partition |Replication |Instances |
+-+--------------+------------+----------+
+-+--------------+------------+----------+
---------------------------------------------------------------------------------
Start Applying XDC Timing Constraints
---------------------------------------------------------------------------------
---------------------------------------------------------------------------------
Finished Applying XDC Timing Constraints : Time (s): cpu = 00:00:37 ; elapsed = 00:00:39 . Memory (MB): peak = 747.262 ; gain = 475.074
---------------------------------------------------------------------------------
---------------------------------------------------------------------------------
Start Timing Optimization
---------------------------------------------------------------------------------
---------------------------------------------------------------------------------
Finished Timing Optimization : Time (s): cpu = 00:00:37 ; elapsed = 00:00:39 . Memory (MB): peak = 747.559 ; gain = 475.371
---------------------------------------------------------------------------------

Report RTL Partitions: 
+-+--------------+------------+----------+
| |RTL Partition |Replication |Instances |
+-+--------------+------------+----------+
+-+--------------+------------+----------+
---------------------------------------------------------------------------------
Start Technology Mapping
---------------------------------------------------------------------------------
---------------------------------------------------------------------------------
Finished Technology Mapping : Time (s): cpu = 00:00:37 ; elapsed = 00:00:40 . Memory (MB): peak = 768.695 ; gain = 496.508
---------------------------------------------------------------------------------

Report RTL Partitions: 
+-+--------------+------------+----------+
| |RTL Partition |Replication |Instances |
+-+--------------+------------+----------+
+-+--------------+------------+----------+
---------------------------------------------------------------------------------
Start IO Insertion
---------------------------------------------------------------------------------
---------------------------------------------------------------------------------
Start Flattening Before IO Insertion
---------------------------------------------------------------------------------
---------------------------------------------------------------------------------
Finished Flattening Before IO Insertion
---------------------------------------------------------------------------------
---------------------------------------------------------------------------------
Start Final Netlist Cleanup
---------------------------------------------------------------------------------
---------------------------------------------------------------------------------
Finished Final Netlist Cleanup
---------------------------------------------------------------------------------
---------------------------------------------------------------------------------
Finished IO Insertion : Time (s): cpu = 00:00:38 ; elapsed = 00:00:41 . Memory (MB): peak = 768.695 ; gain = 496.508
---------------------------------------------------------------------------------

Report Check Netlist: 
+------+------------------+-------+---------+-------+------------------+
|      |Item              |Errors |Warnings |Status |Description       |
+------+------------------+-------+---------+-------+------------------+
|1     |multi_driven_nets |      0|        0|Passed |Multi driven nets |
+------+------------------+-------+---------+-------+------------------+
---------------------------------------------------------------------------------
Start Renaming Generated Instances
---------------------------------------------------------------------------------
---------------------------------------------------------------------------------
Finished Renaming Generated Instances : Time (s): cpu = 00:00:38 ; elapsed = 00:00:41 . Memory (MB): peak = 768.695 ; gain = 496.508
---------------------------------------------------------------------------------

Report RTL Partitions: 
+-+--------------+------------+----------+
| |RTL Partition |Replication |Instances |
+-+--------------+------------+----------+
+-+--------------+------------+----------+
---------------------------------------------------------------------------------
Start Rebuilding User Hierarchy
---------------------------------------------------------------------------------
---------------------------------------------------------------------------------
Finished Rebuilding User Hierarchy : Time (s): cpu = 00:00:38 ; elapsed = 00:00:41 . Memory (MB): peak = 768.695 ; gain = 496.508
---------------------------------------------------------------------------------
---------------------------------------------------------------------------------
Start Renaming Generated Ports
---------------------------------------------------------------------------------
---------------------------------------------------------------------------------
Finished Renaming Generated Ports : Time (s): cpu = 00:00:38 ; elapsed = 00:00:41 . Memory (MB): peak = 768.695 ; gain = 496.508
---------------------------------------------------------------------------------
---------------------------------------------------------------------------------
Start Handling Custom Attributes
---------------------------------------------------------------------------------
---------------------------------------------------------------------------------
Finished Handling Custom Attributes : Time (s): cpu = 00:00:38 ; elapsed = 00:00:41 . Memory (MB): peak = 768.695 ; gain = 496.508
---------------------------------------------------------------------------------
---------------------------------------------------------------------------------
Start Renaming Generated Nets
---------------------------------------------------------------------------------
---------------------------------------------------------------------------------
Finished Renaming Generated Nets : Time (s): cpu = 00:00:38 ; elapsed = 00:00:41 . Memory (MB): peak = 768.695 ; gain = 496.508
---------------------------------------------------------------------------------
---------------------------------------------------------------------------------
Start Writing Synthesis Report
---------------------------------------------------------------------------------

Report BlackBoxes: 
+-+--------------+----------+
| |BlackBox name |Instances |
+-+--------------+----------+
+-+--------------+----------+

Report Cell Usage: 
+------+------+------+
|      |Cell  |Count |
+------+------+------+
|1     |LUT1  |     1|
|2     |LUT2  |     1|
|3     |LUT3  |     1|
|4     |LUT4  |    12|
|5     |LUT5  |    36|
|6     |LUT6  |    69|
|7     |MUXF7 |    32|
|8     |FDRE  |   384|
|9     |FDSE  |     1|
+------+------+------+

Report Instance Areas: 
+------+-------------------------------------+----------------------------+------+
|      |Instance                             |Module                      |Cells |
+------+-------------------------------------+----------------------------+------+
|1     |top                                  |                            |   537|
|2     |  inst                               |axi_register_1_v1_0         |   537|
|3     |    axi_register_1_v1_0_S00_AXI_inst |axi_register_1_v1_0_S00_AXI |   537|
+------+-------------------------------------+----------------------------+------+
---------------------------------------------------------------------------------
Finished Writing Synthesis Report : Time (s): cpu = 00:00:38 ; elapsed = 00:00:41 . Memory (MB): peak = 768.695 ; gain = 496.508
---------------------------------------------------------------------------------
Synthesis finished with 0 errors, 0 critical warnings and 6 warnings.
Synthesis Optimization Runtime : Time (s): cpu = 00:00:22 ; elapsed = 00:00:32 . Memory (MB): peak = 768.695 ; gain = 173.605
Synthesis Optimization Complete : Time (s): cpu = 00:00:38 ; elapsed = 00:00:41 . Memory (MB): peak = 768.695 ; gain = 496.508
INFO: [Project 1-571] Translating synthesized netlist
INFO: [Netlist 29-17] Analyzing 32 Unisim elements for replacement
INFO: [Netlist 29-28] Unisim Transformation completed in 0 CPU seconds
INFO: [Project 1-570] Preparing netlist for logic optimization
INFO: [Opt 31-138] Pushed 0 inverter(s) to 0 load pin(s).
INFO: [Project 1-111] Unisim Transformation Summary:
No Unisim elements were transformed.

INFO: [Common 17-83] Releasing license: Synthesis
31 Infos, 12 Warnings, 0 Critical Warnings and 0 Errors encountered.
synth_design completed successfully
synth_design: Time (s): cpu = 00:00:40 ; elapsed = 00:00:44 . Memory (MB): peak = 768.695 ; gain = 507.977
INFO: [Common 17-1381] The checkpoint 'D:/micropc_project1/our_project2/our_project2.runs/design_1_axi_register_1_0_0_synth_1/design_1_axi_register_1_0_0.dcp' has been generated.
INFO: [Coretcl 2-1482] Added synthesis output to IP cache for IP d:/micropc_project1/our_project2/our_project2.srcs/sources_1/bd/design_1/ip/design_1_axi_register_1_0_0/design_1_axi_register_1_0_0.xci
INFO: [Coretcl 2-1174] Renamed 2 cell refs.
INFO: [Common 17-1381] The checkpoint 'D:/micropc_project1/our_project2/our_project2.runs/design_1_axi_register_1_0_0_synth_1/design_1_axi_register_1_0_0.dcp' has been generated.
INFO: [runtcl-4] Executing : report_utilization -file design_1_axi_register_1_0_0_utilization_synth.rpt -pb design_1_axi_register_1_0_0_utilization_synth.pb
report_utilization: Time (s): cpu = 00:00:00 ; elapsed = 00:00:00.025 . Memory (MB): peak = 768.695 ; gain = 0.000
INFO: [Common 17-206] Exiting Vivado at Thu Dec 27 20:28:10 2018...
